::1 - - [24/Mar/2019:10:26:34 -0600] "GET / HTTP/1.1" 200 1599
::1 - - [24/Mar/2019:10:26:34 -0600] "GET /?getimg=title HTTP/1.1" 200 6119
::1 - - [24/Mar/2019:10:26:34 -0600] "GET /?getimg=folder HTTP/1.1" 200 537
::1 - - [24/Mar/2019:10:26:34 -0600] "GET /?getimg=favicon HTTP/1.1" 200 5430
::1 - - [24/Mar/2019:10:26:47 -0600] "GET /mysql/ HTTP/1.1" 200 3055
::1 - - [24/Mar/2019:10:26:47 -0600] "GET /mysql/themes/pmahomme/jquery/jquery-ui-1.11.2.css HTTP/1.1" 200 35212
::1 - - [24/Mar/2019:10:26:47 -0600] "GET /mysql/js/codemirror/lib/codemirror.css?v=4.5.4.1 HTTP/1.1" 200 7771
::1 - - [24/Mar/2019:10:26:47 -0600] "GET /mysql/js/codemirror/addon/hint/show-hint.css?v=4.5.4.1 HTTP/1.1" 200 662
::1 - - [24/Mar/2019:10:26:47 -0600] "GET /mysql/js/codemirror/addon/lint/lint.css?v=4.5.4.1 HTTP/1.1" 200 3068
::1 - - [24/Mar/2019:10:26:47 -0600] "GET /mysql/themes/pmahomme/css/printview.css?v=4.5.4.1 HTTP/1.1" 200 3082
::1 - - [24/Mar/2019:10:26:47 -0600] "GET /mysql/js/get_scripts.js.php?scripts%5B%5D=jquery/jquery-1.11.1.min.js&scripts%5B%5D=sprintf.js&scripts%5B%5D=ajax.js&scripts%5B%5D=keyhandler.js&scripts%5B%5D=jquery/jquery-ui-1.11.2.min.js&scripts%5B%5D=jquery/jquery.cookie.js&scripts%5B%5D=jquery/jquery.mousewheel.js&scripts%5B%5D=jquery/jquery.event.drag-2.2.js&scripts%5B%5D=jquery/jquery-ui-timepicker-addon.js&scripts%5B%5D=jquery/jquery.ba-hashchange-1.3.js&scripts%5B%5D=jquery/jquery.debounce-1.0.5.js&scripts%5B%5D=menu-resizer.js&scripts%5B%5D=cross_framing_protection.js&scripts%5B%5D=rte.js&scripts%5B%5D=tracekit/tracekit.js&scripts%5B%5D=error_report.js&scripts%5B%5D=doclinks.js&scripts%5B%5D=functions.js&scripts%5B%5D=navigation.js&scripts%5B%5D=indexes.js&v=4.5.4.1 HTTP/1.1" 200 216429
::1 - - [24/Mar/2019:10:26:47 -0600] "GET /mysql/themes/pmahomme/img/logo_right.png HTTP/1.1" 200 4548
::1 - - [24/Mar/2019:10:26:47 -0600] "GET /mysql/themes/dot.gif HTTP/1.1" 200 43
::1 - - [24/Mar/2019:10:26:47 -0600] "GET /mysql/phpmyadmin.css.php?nocache=4660334639ltr HTTP/1.1" 200 20076
::1 - - [24/Mar/2019:10:26:47 -0600] "GET /mysql/js/whitelist.php?lang=en&db=&collation_connection=utf8_unicode_ci&token=7976f8af48f66d9cb60aa40588e05731&v=4.5.4.1 HTTP/1.1" 200 482
::1 - - [24/Mar/2019:10:26:47 -0600] "GET /mysql/js/get_scripts.js.php?scripts%5B%5D=common.js&scripts%5B%5D=config.js&scripts%5B%5D=page_settings.js&scripts%5B%5D=codemirror/lib/codemirror.js&scripts%5B%5D=codemirror/mode/sql/sql.js&scripts%5B%5D=codemirror/addon/runmode/runmode.js&scripts%5B%5D=codemirror/addon/hint/show-hint.js&scripts%5B%5D=codemirror/addon/hint/sql-hint.js&scripts%5B%5D=codemirror/addon/lint/lint.js&scripts%5B%5D=codemirror/addon/lint/sql-lint.js&scripts%5B%5D=console.js&v=4.5.4.1 HTTP/1.1" 200 129440
::1 - - [24/Mar/2019:10:26:47 -0600] "GET /mysql/js/get_image.js.php?theme=pmahomme&v=4.5.4.1 HTTP/1.1" 200 1822
::1 - - [24/Mar/2019:10:26:47 -0600] "GET /mysql/js/messages.php?lang=en&db=&collation_connection=utf8_unicode_ci&token=7976f8af48f66d9cb60aa40588e05731&v=4.5.4.1 HTTP/1.1" 200 8430
::1 - - [24/Mar/2019:10:26:47 -0600] "GET /mysql/themes/pmahomme/img/sprites.png?v=4.5.4.1 HTTP/1.1" 200 46795
::1 - - [24/Mar/2019:10:26:47 -0600] "GET /mysql/favicon.ico HTTP/1.1" 200 22486
::1 - - [24/Mar/2019:10:26:52 -0600] "POST /mysql/index.php HTTP/1.1" 200 3074
::1 - - [24/Mar/2019:10:26:52 -0600] "GET /mysql/themes/pmahomme/jquery/jquery-ui-1.11.2.css HTTP/1.1" 304 -
::1 - - [24/Mar/2019:10:26:52 -0600] "GET /mysql/themes/pmahomme/img/logo_right.png HTTP/1.1" 304 -
::1 - - [24/Mar/2019:10:26:52 -0600] "GET /mysql/js/whitelist.php?lang=en&db=&token=7976f8af48f66d9cb60aa40588e05731&v=4.5.4.1 HTTP/1.1" 200 482
::1 - - [24/Mar/2019:10:26:52 -0600] "GET /mysql/js/messages.php?lang=en&db=&token=7976f8af48f66d9cb60aa40588e05731&v=4.5.4.1 HTTP/1.1" 200 8430
::1 - - [24/Mar/2019:10:26:52 -0600] "GET /mysql/themes/pmahomme/img/sprites.png?v=4.5.4.1 HTTP/1.1" 304 -
::1 - - [24/Mar/2019:10:27:01 -0600] "POST /mysql/index.php HTTP/1.1" 302 25
::1 - - [24/Mar/2019:10:27:01 -0600] "GET /mysql/index.php?token=7976f8af48f66d9cb60aa40588e05731 HTTP/1.1" 200 12627
::1 - - [24/Mar/2019:10:27:02 -0600] "GET /mysql/themes/pmahomme/jquery/jquery-ui-1.11.2.css HTTP/1.1" 304 -
::1 - - [24/Mar/2019:10:27:02 -0600] "GET /mysql/js/codemirror/lib/codemirror.css?v=4.5.4.1 HTTP/1.1" 304 -
::1 - - [24/Mar/2019:10:27:02 -0600] "GET /mysql/js/codemirror/addon/lint/lint.css?v=4.5.4.1 HTTP/1.1" 304 -
::1 - - [24/Mar/2019:10:27:02 -0600] "GET /mysql/themes/pmahomme/css/printview.css?v=4.5.4.1 HTTP/1.1" 304 -
::1 - - [24/Mar/2019:10:27:02 -0600] "GET /mysql/js/codemirror/addon/hint/show-hint.css?v=4.5.4.1 HTTP/1.1" 304 -
::1 - - [24/Mar/2019:10:27:02 -0600] "GET /mysql/themes/dot.gif HTTP/1.1" 304 -
::1 - - [24/Mar/2019:10:27:02 -0600] "GET /mysql/themes/pmahomme/img/logo_left.png HTTP/1.1" 200 2327
::1 - - [24/Mar/2019:10:27:02 -0600] "GET /mysql/themes/pmahomme/img/ajax_clock_small.gif HTTP/1.1" 200 1810
::1 - - [24/Mar/2019:10:27:02 -0600] "GET /mysql/themes/pmahomme/img/s_collapseall.png HTTP/1.1" 200 170
::1 - - [24/Mar/2019:10:27:02 -0600] "GET /mysql/phpmyadmin.css.php?nocache=6213779460ltr HTTP/1.1" 200 20076
::1 - - [24/Mar/2019:10:27:02 -0600] "GET /mysql/themes/pmahomme/img/sprites.png?v=4.5.4.1 HTTP/1.1" 304 -
::1 - - [24/Mar/2019:10:27:02 -0600] "GET /mysql/themes/pmahomme/img/left_nav_bg.png HTTP/1.1" 200 297
::1 - - [24/Mar/2019:10:27:02 -0600] "POST /mysql/db_structure.php?ajax_request=1&favorite_table=1&sync_favorite_tables=1&token=7976f8af48f66d9cb60aa40588e05731 HTTP/1.1" 200 143
::1 - - [24/Mar/2019:10:27:02 -0600] "GET /mysql/version_check.php?server=1&_nocache=1553444822309723702 HTTP/1.1" 200 39
::1 - - [24/Mar/2019:10:27:52 -0600] "GET /mysql/index.php?token=7976f8af48f66d9cb60aa40588e05731&ajax_request=true&ajax_page_request=true&_nocache=1553444872983438270 HTTP/1.1" 200 6508
::1 - - [24/Mar/2019:10:27:53 -0600] "POST /mysql/db_structure.php?ajax_request=1&favorite_table=1&sync_favorite_tables=1&token=7976f8af48f66d9cb60aa40588e05731 HTTP/1.1" 200 143
::1 - - [24/Mar/2019:10:27:53 -0600] "GET /mysql/version_check.php?server=1&_nocache=1553444873159176585 HTTP/1.1" 200 39
::1 - - [24/Mar/2019:10:27:58 -0600] "GET / HTTP/1.1" 200 1440
::1 - - [24/Mar/2019:10:27:58 -0600] "GET /favicon.ico HTTP/1.1" 404 309
::1 - - [24/Mar/2019:10:28:05 -0600] "GET /mysql/ HTTP/1.1" 200 3026
::1 - - [24/Mar/2019:10:28:05 -0600] "GET /mysql/themes/pmahomme/jquery/jquery-ui-1.11.2.css HTTP/1.1" 304 -
::1 - - [24/Mar/2019:10:28:05 -0600] "GET /mysql/js/codemirror/lib/codemirror.css?v=4.5.4.1 HTTP/1.1" 304 -
::1 - - [24/Mar/2019:10:28:05 -0600] "GET /mysql/js/codemirror/addon/hint/show-hint.css?v=4.5.4.1 HTTP/1.1" 304 -
::1 - - [24/Mar/2019:10:28:05 -0600] "GET /mysql/js/codemirror/addon/lint/lint.css?v=4.5.4.1 HTTP/1.1" 304 -
::1 - - [24/Mar/2019:10:28:05 -0600] "GET /mysql/themes/pmahomme/css/printview.css?v=4.5.4.1 HTTP/1.1" 304 -
::1 - - [24/Mar/2019:10:28:05 -0600] "GET /mysql/themes/pmahomme/img/logo_right.png HTTP/1.1" 304 -
::1 - - [24/Mar/2019:10:28:05 -0600] "GET /mysql/themes/dot.gif HTTP/1.1" 304 -
::1 - - [24/Mar/2019:10:28:05 -0600] "GET /mysql/js/whitelist.php?lang=en&db=&token=a86a54c0a93b4bae308d4d63cdce5310&v=4.5.4.1 HTTP/1.1" 200 482
::1 - - [24/Mar/2019:10:28:05 -0600] "GET /mysql/js/messages.php?lang=en&db=&token=a86a54c0a93b4bae308d4d63cdce5310&v=4.5.4.1 HTTP/1.1" 200 8430
::1 - - [24/Mar/2019:10:28:05 -0600] "GET /mysql/themes/pmahomme/img/sprites.png?v=4.5.4.1 HTTP/1.1" 304 -
::1 - - [24/Mar/2019:10:28:07 -0600] "POST /mysql/index.php HTTP/1.1" 302 25
::1 - - [24/Mar/2019:10:28:07 -0600] "GET /mysql/index.php?token=a86a54c0a93b4bae308d4d63cdce5310 HTTP/1.1" 200 12625
::1 - - [24/Mar/2019:10:28:07 -0600] "GET /mysql/themes/pmahomme/img/logo_left.png HTTP/1.1" 304 -
::1 - - [24/Mar/2019:10:28:07 -0600] "GET /mysql/themes/pmahomme/img/ajax_clock_small.gif HTTP/1.1" 304 -
::1 - - [24/Mar/2019:10:28:07 -0600] "GET /mysql/themes/pmahomme/img/s_collapseall.png HTTP/1.1" 304 -
::1 - - [24/Mar/2019:10:28:07 -0600] "GET /mysql/phpmyadmin.css.php?nocache=6213779526ltr HTTP/1.1" 200 20076
::1 - - [24/Mar/2019:10:28:08 -0600] "GET /mysql/themes/pmahomme/img/left_nav_bg.png HTTP/1.1" 304 -
::1 - - [24/Mar/2019:10:28:08 -0600] "POST /mysql/db_structure.php?ajax_request=1&favorite_table=1&sync_favorite_tables=1&token=a86a54c0a93b4bae308d4d63cdce5310 HTTP/1.1" 200 143
::1 - - [24/Mar/2019:10:28:08 -0600] "GET /mysql/version_check.php?server=1&_nocache=1553444888138774999 HTTP/1.1" 200 39
::1 - - [24/Mar/2019:10:29:14 -0600] "GET /mysql/ HTTP/1.1" 200 12450
::1 - - [24/Mar/2019:10:29:14 -0600] "GET /mysql/js/codemirror/lib/codemirror.css?v=4.5.4.1 HTTP/1.1" 304 -
::1 - - [24/Mar/2019:10:29:14 -0600] "GET /mysql/themes/pmahomme/jquery/jquery-ui-1.11.2.css HTTP/1.1" 304 -
::1 - - [24/Mar/2019:10:29:14 -0600] "GET /mysql/js/codemirror/addon/hint/show-hint.css?v=4.5.4.1 HTTP/1.1" 304 -
::1 - - [24/Mar/2019:10:29:14 -0600] "GET /mysql/themes/pmahomme/css/printview.css?v=4.5.4.1 HTTP/1.1" 304 -
::1 - - [24/Mar/2019:10:29:14 -0600] "GET /mysql/js/codemirror/addon/lint/lint.css?v=4.5.4.1 HTTP/1.1" 304 -
::1 - - [24/Mar/2019:10:29:14 -0600] "GET /mysql/themes/pmahomme/img/logo_left.png HTTP/1.1" 304 -
::1 - - [24/Mar/2019:10:29:14 -0600] "GET /mysql/themes/dot.gif HTTP/1.1" 304 -
::1 - - [24/Mar/2019:10:29:14 -0600] "GET /mysql/themes/pmahomme/img/ajax_clock_small.gif HTTP/1.1" 304 -
::1 - - [24/Mar/2019:10:29:14 -0600] "GET /mysql/themes/pmahomme/img/s_collapseall.png HTTP/1.1" 304 -
::1 - - [24/Mar/2019:10:29:14 -0600] "GET /mysql/phpmyadmin.css.php?nocache=6213779461ltr HTTP/1.1" 200 20076
::1 - - [24/Mar/2019:10:29:14 -0600] "GET /mysql/themes/pmahomme/img/sprites.png?v=4.5.4.1 HTTP/1.1" 304 -
::1 - - [24/Mar/2019:10:29:14 -0600] "GET /mysql/themes/pmahomme/img/left_nav_bg.png HTTP/1.1" 304 -
::1 - - [24/Mar/2019:10:29:15 -0600] "POST /mysql/db_structure.php?ajax_request=1&favorite_table=1&sync_favorite_tables=1&token=a86a54c0a93b4bae308d4d63cdce5310 HTTP/1.1" 200 143
::1 - - [24/Mar/2019:10:29:15 -0600] "GET /mysql/version_check.php?server=1&_nocache=155344495514783222 HTTP/1.1" 200 39
::1 - - [24/Mar/2019:10:29:22 -0600] "GET / HTTP/1.1" 200 1374
::1 - - [24/Mar/2019:10:29:22 -0600] "GET /favicon.ico HTTP/1.1" 404 309
::1 - - [24/Mar/2019:10:30:53 -0600] "GET /mysql/ HTTP/1.1" 200 3026
::1 - - [24/Mar/2019:10:30:53 -0600] "GET /mysql/themes/pmahomme/jquery/jquery-ui-1.11.2.css HTTP/1.1" 304 -
::1 - - [24/Mar/2019:10:30:53 -0600] "GET /mysql/js/codemirror/lib/codemirror.css?v=4.5.4.1 HTTP/1.1" 304 -
::1 - - [24/Mar/2019:10:30:53 -0600] "GET /mysql/js/codemirror/addon/hint/show-hint.css?v=4.5.4.1 HTTP/1.1" 304 -
::1 - - [24/Mar/2019:10:30:53 -0600] "GET /mysql/themes/pmahomme/css/printview.css?v=4.5.4.1 HTTP/1.1" 304 -
::1 - - [24/Mar/2019:10:30:53 -0600] "GET /mysql/js/codemirror/addon/lint/lint.css?v=4.5.4.1 HTTP/1.1" 304 -
::1 - - [24/Mar/2019:10:30:53 -0600] "GET /mysql/themes/dot.gif HTTP/1.1" 304 -
::1 - - [24/Mar/2019:10:30:53 -0600] "GET /mysql/themes/pmahomme/img/logo_right.png HTTP/1.1" 304 -
::1 - - [24/Mar/2019:10:30:53 -0600] "GET /mysql/js/whitelist.php?lang=en&db=&token=c2d43aac6999071cb0220daa10334748&v=4.5.4.1 HTTP/1.1" 200 482
::1 - - [24/Mar/2019:10:30:53 -0600] "GET /mysql/js/messages.php?lang=en&db=&token=c2d43aac6999071cb0220daa10334748&v=4.5.4.1 HTTP/1.1" 200 8430
::1 - - [24/Mar/2019:10:30:53 -0600] "GET /mysql/themes/pmahomme/img/sprites.png?v=4.5.4.1 HTTP/1.1" 304 -
::1 - - [24/Mar/2019:10:30:55 -0600] "GET / HTTP/1.1" 200 1374
::1 - - [24/Mar/2019:10:30:55 -0600] "GET /favicon.ico HTTP/1.1" 404 309
::1 - - [24/Mar/2019:10:31:11 -0600] "GET / HTTP/1.1" 200 1374
::1 - - [24/Mar/2019:10:31:30 -0600] "GET / HTTP/1.1" 200 1374
::1 - - [24/Mar/2019:10:31:54 -0600] "GET / HTTP/1.1" 200 1374
::1 - - [24/Mar/2019:10:32:31 -0600] "GET / HTTP/1.1" 200 5982
::1 - - [24/Mar/2019:10:34:01 -0600] "GET / HTTP/1.1" 200 1440
::1 - - [24/Mar/2019:10:34:15 -0600] "GET / HTTP/1.1" 200 29
::1 - - [24/Mar/2019:10:34:36 -0600] "GET / HTTP/1.1" 200 26
::1 - - [24/Mar/2019:10:43:40 -0600] "GET / HTTP/1.1" 200 215
::1 - - [24/Mar/2019:10:44:33 -0600] "GET / HTTP/1.1" 200 229
::1 - - [24/Mar/2019:10:45:54 -0600] "GET / HTTP/1.1" 200 204
::1 - - [24/Mar/2019:10:50:44 -0600] "GET / HTTP/1.1" 200 505
::1 - - [24/Mar/2019:10:56:42 -0600] "GET / HTTP/1.1" 200 531
::1 - - [24/Mar/2019:10:57:16 -0600] "GET / HTTP/1.1" 200 547
::1 - - [24/Mar/2019:10:58:13 -0600] "GET / HTTP/1.1" 200 571
::1 - - [24/Mar/2019:10:58:20 -0600] "GET / HTTP/1.1" 200 570
::1 - - [24/Mar/2019:10:59:56 -0600] "GET / HTTP/1.1" 200 1023
::1 - - [24/Mar/2019:10:59:58 -0600] "GET /New_Customer? HTTP/1.1" 404 310
::1 - - [24/Mar/2019:11:02:14 -0600] "GET / HTTP/1.1" 200 1083
::1 - - [24/Mar/2019:11:02:15 -0600] "GET /index.html HTTP/1.1" 200 1083
::1 - - [24/Mar/2019:11:02:16 -0600] "GET /index.html HTTP/1.1" 304 -
::1 - - [24/Mar/2019:11:02:42 -0600] "GET /index.html HTTP/1.1" 200 1294
::1 - - [24/Mar/2019:11:02:43 -0600] "GET /New_Customer.html HTTP/1.1" 200 516
::1 - - [24/Mar/2019:11:02:59 -0600] "GET /index.html HTTP/1.1" 200 826
::1 - - [24/Mar/2019:11:10:43 -0600] "GET /index.html HTTP/1.1" 200 749
::1 - - [24/Mar/2019:11:10:44 -0600] "GET /customer/Customer.html HTTP/1.1" 200 516
::1 - - [24/Mar/2019:11:10:46 -0600] "GET /vehicle/New_Vehicle.html HTTP/1.1" 404 322
::1 - - [24/Mar/2019:11:11:07 -0600] "GET /index.html HTTP/1.1" 200 748
::1 - - [24/Mar/2019:11:11:09 -0600] "GET /vehicle/New_Vehicle.html HTTP/1.1" 404 322
::1 - - [24/Mar/2019:11:11:40 -0600] "GET /index.html HTTP/1.1" 200 749
::1 - - [24/Mar/2019:11:11:41 -0600] "GET /index.html HTTP/1.1" 304 -
::1 - - [24/Mar/2019:11:11:42 -0600] "GET /vehicle/Vehicle_Sale.html HTTP/1.1" 200 516
::1 - - [24/Mar/2019:11:14:28 -0600] "GET /index.html HTTP/1.1" 304 -
::1 - - [24/Mar/2019:11:14:30 -0600] "GET /customer/Customer.html HTTP/1.1" 200 145
::1 - - [24/Mar/2019:11:14:30 -0600] "GET /customer/index.html HTTP/1.1" 404 317
::1 - - [24/Mar/2019:11:14:33 -0600] "GET /vehicle/Vehicle_Sale.html HTTP/1.1" 200 145
::1 - - [24/Mar/2019:11:14:34 -0600] "GET /vehicle/index.html HTTP/1.1" 404 316
::1 - - [24/Mar/2019:11:14:49 -0600] "GET /index.html HTTP/1.1" 304 -
::1 - - [24/Mar/2019:11:14:50 -0600] "GET /customer/Customer.html HTTP/1.1" 200 148
::1 - - [24/Mar/2019:11:14:51 -0600] "GET /vehicle/Vehicle_Sale.html HTTP/1.1" 200 148
::1 - - [24/Mar/2019:11:15:34 -0600] "GET /index.html HTTP/1.1" 200 835
::1 - - [24/Mar/2019:11:15:36 -0600] "GET /index.html HTTP/1.1" 304 -
::1 - - [24/Mar/2019:11:15:36 -0600] "GET /customer/Customer.html HTTP/1.1" 304 -
::1 - - [24/Mar/2019:11:15:37 -0600] "GET /index.html HTTP/1.1" 304 -
::1 - - [24/Mar/2019:11:15:37 -0600] "GET /vehicle/Vehicle_Warranty.html HTTP/1.1" 200 150
::1 - - [24/Mar/2019:11:15:38 -0600] "GET /index.html HTTP/1.1" 304 -
::1 - - [24/Mar/2019:11:15:39 -0600] "GET /vehicle/Vehicle_Sale.html HTTP/1.1" 304 -
::1 - - [24/Mar/2019:11:15:39 -0600] "GET /index.html HTTP/1.1" 304 -
::1 - - [24/Mar/2019:11:15:40 -0600] "GET /index.html HTTP/1.1" 304 -
::1 - - [24/Mar/2019:11:16:13 -0600] "GET /index.html HTTP/1.1" 200 836
::1 - - [24/Mar/2019:11:24:15 -0600] "GET /index.html HTTP/1.1" 304 -
::1 - - [24/Mar/2019:11:24:15 -0600] "GET /customer/Customer.html HTTP/1.1" 304 -
::1 - - [24/Mar/2019:12:06:29 -0600] "GET / HTTP/1.1" 200 836
::1 - - [24/Mar/2019:12:06:29 -0600] "GET /favicon.ico HTTP/1.1" 404 309
::1 - - [24/Mar/2019:12:06:38 -0600] "GET /vehicle/Vehicle_Sale.html HTTP/1.1" 304 -
::1 - - [24/Mar/2019:12:06:39 -0600] "GET /index.html HTTP/1.1" 304 -
::1 - - [24/Mar/2019:12:06:42 -0600] "GET /customer/Customer.html HTTP/1.1" 304 -
::1 - - [24/Mar/2019:12:13:25 -0600] "GET /index.html HTTP/1.1" 200 835
::1 - - [24/Mar/2019:12:13:53 -0600] "GET /index.html HTTP/1.1" 200 911
::1 - - [24/Mar/2019:12:13:54 -0600] "GET /vehicle/Vehicle_Warranty.html HTTP/1.1" 404 327
::1 - - [24/Mar/2019:12:14:05 -0600] "GET /vehicle/Vehicle_Warranty.html HTTP/1.1" 404 327
::1 - - [24/Mar/2019:12:14:06 -0600] "GET /vehicle/Vehicle_Warranty.html HTTP/1.1" 404 327
::1 - - [24/Mar/2019:12:14:49 -0600] "GET /index.html HTTP/1.1" 200 906
::1 - - [24/Mar/2019:12:14:50 -0600] "GET /vehicle/New_Vehicle.html HTTP/1.1" 200 571
::1 - - [24/Mar/2019:12:14:52 -0600] "GET /vehicle/index.html HTTP/1.1" 404 316
::1 - - [24/Mar/2019:12:17:54 -0600] "GET /vehicle/New_Vehicle.html HTTP/1.1" 200 1064
::1 - - [24/Mar/2019:12:18:04 -0600] "GET /index.html HTTP/1.1" 304 -
::1 - - [24/Mar/2019:12:18:05 -0600] "GET /vehicle/New_Vehicle.html HTTP/1.1" 304 -
::1 - - [24/Mar/2019:12:18:33 -0600] "GET /customer/Customer.html HTTP/1.1" 304 -
::1 - - [24/Mar/2019:12:18:34 -0600] "GET /index.html HTTP/1.1" 304 -
::1 - - [24/Mar/2019:12:18:35 -0600] "GET /vehicle/New_Vehicle.html HTTP/1.1" 304 -
::1 - - [24/Mar/2019:12:18:47 -0600] "GET /vehicle/New_Vehicle.html HTTP/1.1" 304 -
::1 - - [24/Mar/2019:12:19:49 -0600] "GET /index.html HTTP/1.1" 304 -
::1 - - [24/Mar/2019:12:19:54 -0600] "GET /vehicle/New_Vehicle.html HTTP/1.1" 200 1259
::1 - - [24/Mar/2019:12:19:56 -0600] "GET /action_page.php?fname=&lname= HTTP/1.1" 404 313
::1 - - [24/Mar/2019:12:20:10 -0600] "GET /action_page.php?fname=&lname= HTTP/1.1" 404 313
::1 - - [24/Mar/2019:12:21:40 -0600] "GET /vehicle/New_Vehicle.html HTTP/1.1" 200 615
::1 - - [24/Mar/2019:12:21:49 -0600] "GET /action_page.php?fname=1&lname=1&fname=1&lname=1&fname=1&lname=1&fname= HTTP/1.1" 404 313
::1 - - [24/Mar/2019:12:26:12 -0600] "GET /vehicle/New_Vehicle.html HTTP/1.1" 200 643
::1 - - [24/Mar/2019:12:26:16 -0600] "GET /action_page.php?fname=&lname=&fname=&lname=&fname=&lname=&fname= HTTP/1.1" 404 313
::1 - - [24/Mar/2019:12:31:25 -0600] "GET /mysql/ HTTP/1.1" 200 3029
::1 - - [24/Mar/2019:12:31:26 -0600] "GET /mysql/themes/pmahomme/jquery/jquery-ui-1.11.2.css HTTP/1.1" 304 -
::1 - - [24/Mar/2019:12:31:26 -0600] "GET /mysql/js/codemirror/lib/codemirror.css?v=4.5.4.1 HTTP/1.1" 304 -
::1 - - [24/Mar/2019:12:31:26 -0600] "GET /mysql/js/codemirror/addon/hint/show-hint.css?v=4.5.4.1 HTTP/1.1" 304 -
::1 - - [24/Mar/2019:12:31:26 -0600] "GET /mysql/js/codemirror/addon/lint/lint.css?v=4.5.4.1 HTTP/1.1" 304 -
::1 - - [24/Mar/2019:12:31:26 -0600] "GET /mysql/themes/pmahomme/css/printview.css?v=4.5.4.1 HTTP/1.1" 304 -
::1 - - [24/Mar/2019:12:31:26 -0600] "GET /mysql/themes/dot.gif HTTP/1.1" 304 -
::1 - - [24/Mar/2019:12:31:26 -0600] "GET /mysql/themes/pmahomme/img/logo_right.png HTTP/1.1" 304 -
::1 - - [24/Mar/2019:12:31:26 -0600] "GET /mysql/js/whitelist.php?lang=en&db=&token=36d4150c997257ce18f8cb25c31ec6f4&v=4.5.4.1 HTTP/1.1" 200 482
::1 - - [24/Mar/2019:12:31:26 -0600] "GET /mysql/js/messages.php?lang=en&db=&token=36d4150c997257ce18f8cb25c31ec6f4&v=4.5.4.1 HTTP/1.1" 200 8430
::1 - - [24/Mar/2019:12:31:26 -0600] "GET /mysql/themes/pmahomme/img/sprites.png?v=4.5.4.1 HTTP/1.1" 304 -
::1 - - [24/Mar/2019:12:31:31 -0600] "POST /mysql/index.php HTTP/1.1" 302 25
::1 - - [24/Mar/2019:12:31:31 -0600] "GET /mysql/index.php?token=36d4150c997257ce18f8cb25c31ec6f4 HTTP/1.1" 200 12670
::1 - - [24/Mar/2019:12:31:32 -0600] "GET /mysql/themes/pmahomme/img/logo_left.png HTTP/1.1" 304 -
::1 - - [24/Mar/2019:12:31:32 -0600] "GET /mysql/themes/pmahomme/img/ajax_clock_small.gif HTTP/1.1" 304 -
::1 - - [24/Mar/2019:12:31:32 -0600] "GET /mysql/themes/pmahomme/img/s_collapseall.png HTTP/1.1" 304 -
::1 - - [24/Mar/2019:12:31:32 -0600] "GET /mysql/phpmyadmin.css.php?nocache=6213786930ltr HTTP/1.1" 200 20076
::1 - - [24/Mar/2019:12:31:32 -0600] "GET /mysql/themes/pmahomme/img/left_nav_bg.png HTTP/1.1" 304 -
::1 - - [24/Mar/2019:12:31:32 -0600] "POST /mysql/db_structure.php?ajax_request=1&favorite_table=1&sync_favorite_tables=1&token=36d4150c997257ce18f8cb25c31ec6f4 HTTP/1.1" 200 143
::1 - - [24/Mar/2019:12:31:32 -0600] "GET /mysql/version_check.php?server=1&_nocache=155345229295334329 HTTP/1.1" 200 39
::1 - - [24/Mar/2019:12:31:35 -0600] "GET /mysql/db_structure.php?server=1&db=dealership&token=36d4150c997257ce18f8cb25c31ec6f4&ajax_request=true&ajax_page_request=true&_nocache=1553452295693778414 HTTP/1.1" 200 4454
::1 - - [24/Mar/2019:12:31:36 -0600] "GET /mysql/themes/pmahomme/img/arrow_ltr.png HTTP/1.1" 200 139
::1 - - [24/Mar/2019:12:31:36 -0600] "GET /mysql/js/get_scripts.js.php?scripts%5B%5D=db_structure.js&scripts%5B%5D=tbl_change.js&call_done=1&v=4.5.4.1 HTTP/1.1" 200 10265
::1 - - [24/Mar/2019:12:31:36 -0600] "GET /mysql/navigation.php?ajax_request=1&token=36d4150c997257ce18f8cb25c31ec6f4&aPath=cm9vdA%3D%3D.ZGVhbGVyc2hpcA%3D%3D&vPath=cm9vdA%3D%3D.ZGVhbGVyc2hpcA%3D%3D&pos=0&pos2_name=&pos2_value=&searchClause=&searchClause2=&_nocache=1553452296214499289 HTTP/1.1" 200 1764
::1 - - [24/Mar/2019:12:31:36 -0600] "POST /mysql/navigation.php?ajax_request=1&token=36d4150c997257ce18f8cb25c31ec6f4 HTTP/1.1" 200 2041
::1 - - [24/Mar/2019:12:31:36 -0600] "GET /mysql/navigation.php?ajax_request=1&token=36d4150c997257ce18f8cb25c31ec6f4&aPath=cm9vdA%3D%3D.ZGVhbGVyc2hpcA%3D%3D&vPath=cm9vdA%3D%3D.ZGVhbGVyc2hpcA%3D%3D&pos=0&pos2_name=&pos2_value=&searchClause=&searchClause2=&_nocache=1553452296603885079 HTTP/1.1" 200 1764
::1 - - [24/Mar/2019:12:33:44 -0600] "GET /vehicle/New_Vehicle.html HTTP/1.1" 200 715
::1 - - [24/Mar/2019:12:33:50 -0600] "GET /action.php?vin_text=1&year_text=2&model_text=&edition_text=&date_text=&colour_interior_text=&colour_exterior_text= HTTP/1.1" 200 3281
::1 - - [24/Mar/2019:12:36:01 -0600] "GET /action.php?vin_text=1&year_text=2&model_text=&edition_text=&date_text=&colour_interior_text=&colour_exterior_text= HTTP/1.1" 200 3582
::1 - - [24/Mar/2019:12:36:26 -0600] "GET /action.php?vin_text=1&year_text=2&model_text=&edition_text=&date_text=&colour_interior_text=&colour_exterior_text= HTTP/1.1" 200 3580
::1 - - [24/Mar/2019:12:38:13 -0600] "GET /action.php?vin_text=1&year_text=2&model_text=&edition_text=&date_text=&colour_interior_text=&colour_exterior_text= HTTP/1.1" 200 4922
::1 - - [24/Mar/2019:12:38:29 -0600] "GET /action.php?vin_text=1&year_text=2&model_text=&edition_text=&date_text=&colour_interior_text=&colour_exterior_text= HTTP/1.1" 200 4922
::1 - - [24/Mar/2019:12:38:58 -0600] "GET /action.php?vin_text=1&year_text=2&model_text=&edition_text=&date_text=&colour_interior_text=&colour_exterior_text= HTTP/1.1" 200 4922
::1 - - [24/Mar/2019:12:39:13 -0600] "GET /action.php?vin_text=1&year_text=2&model_text=&edition_text=&date_text=&colour_interior_text=&colour_exterior_text= HTTP/1.1" 200 4923
::1 - - [24/Mar/2019:12:39:24 -0600] "GET /action.php?vin_text=1&year_text=2&model_text=&edition_text=&date_text=&colour_interior_text=&colour_exterior_text= HTTP/1.1" 200 4914
::1 - - [24/Mar/2019:12:39:37 -0600] "GET /action.php?vin_text=1&year_text=2&model_text=&edition_text=&date_text=&colour_interior_text=&colour_exterior_text= HTTP/1.1" 200 1057
::1 - - [24/Mar/2019:12:39:46 -0600] "GET /action.php?vin_text=1&year_text=2&model_text=&edition_text=&date_text=&colour_interior_text=&colour_exterior_text= HTTP/1.1" 200 4923
::1 - - [24/Mar/2019:12:40:04 -0600] "GET /action.php?vin_text=1&year_text=2&model_text=&edition_text=&date_text=&colour_interior_text=&colour_exterior_text= HTTP/1.1" 200 4923
::1 - - [24/Mar/2019:12:40:52 -0600] "GET /action.php?vin_text=1&year_text=2&model_text=&edition_text=&date_text=&colour_interior_text=&colour_exterior_text= HTTP/1.1" 200 3480
::1 - - [24/Mar/2019:12:42:54 -0600] "GET /mysql/ HTTP/1.1" 200 12496
::1 - - [24/Mar/2019:12:42:54 -0600] "POST /mysql/db_structure.php?ajax_request=1&favorite_table=1&sync_favorite_tables=1&token=36d4150c997257ce18f8cb25c31ec6f4 HTTP/1.1" 200 143
::1 - - [24/Mar/2019:12:42:54 -0600] "GET /mysql/version_check.php?server=1&_nocache=1553452974490851130 HTTP/1.1" 200 39
::1 - - [24/Mar/2019:12:42:57 -0600] "GET /mysql/db_structure.php?server=1&db=dealership&token=36d4150c997257ce18f8cb25c31ec6f4&ajax_request=true&ajax_page_request=true&_nocache=1553452977880403209 HTTP/1.1" 200 4454
::1 - - [24/Mar/2019:12:42:58 -0600] "GET /mysql/navigation.php?ajax_request=1&token=36d4150c997257ce18f8cb25c31ec6f4&aPath=cm9vdA%3D%3D.ZGVhbGVyc2hpcA%3D%3D&vPath=cm9vdA%3D%3D.ZGVhbGVyc2hpcA%3D%3D&pos=0&pos2_name=&pos2_value=&searchClause=&searchClause2=&_nocache=1553452978103167155 HTTP/1.1" 200 1764
::1 - - [24/Mar/2019:12:42:58 -0600] "POST /mysql/navigation.php?ajax_request=1&token=36d4150c997257ce18f8cb25c31ec6f4 HTTP/1.1" 200 2041
::1 - - [24/Mar/2019:12:42:58 -0600] "GET /mysql/navigation.php?ajax_request=1&token=36d4150c997257ce18f8cb25c31ec6f4&aPath=cm9vdA%3D%3D.ZGVhbGVyc2hpcA%3D%3D&vPath=cm9vdA%3D%3D.ZGVhbGVyc2hpcA%3D%3D&pos=0&pos2_name=&pos2_value=&searchClause=&searchClause2=&_nocache=1553452978338292511 HTTP/1.1" 200 1764
::1 - - [24/Mar/2019:12:43:30 -0600] "POST /mysql/tbl_create.php HTTP/1.1" 200 56831
::1 - - [24/Mar/2019:12:43:32 -0600] "GET /mysql/js/get_scripts.js.php?scripts%5B%5D=jquery/jquery.uitablefilter.js&call_done=1&v=4.5.4.1 HTTP/1.1" 200 1413
::1 - - [24/Mar/2019:12:43:32 -0600] "GET /mysql/index.php?ajax_request=1&recent_table=1&token=36d4150c997257ce18f8cb25c31ec6f4&no_debug=true&_nocache=1553453012215120259 HTTP/1.1" 200 1351
::1 - - [24/Mar/2019:12:46:54 -0600] "GET /mysql/transformation_overview.php?token=36d4150c997257ce18f8cb25c31ec6f4 HTTP/1.1" 200 3994
::1 - - [24/Mar/2019:12:46:54 -0600] "GET /mysql/js/codemirror/lib/codemirror.css?v=4.5.4.1 HTTP/1.1" 304 -
::1 - - [24/Mar/2019:12:46:54 -0600] "GET /mysql/themes/pmahomme/jquery/jquery-ui-1.11.2.css HTTP/1.1" 304 -
::1 - - [24/Mar/2019:12:46:54 -0600] "GET /mysql/js/codemirror/addon/hint/show-hint.css?v=4.5.4.1 HTTP/1.1" 304 -
::1 - - [24/Mar/2019:12:46:54 -0600] "GET /mysql/js/codemirror/addon/lint/lint.css?v=4.5.4.1 HTTP/1.1" 304 -
::1 - - [24/Mar/2019:12:46:54 -0600] "GET /mysql/themes/pmahomme/css/printview.css?v=4.5.4.1 HTTP/1.1" 304 -
::1 - - [24/Mar/2019:12:46:54 -0600] "GET /mysql/themes/dot.gif HTTP/1.1" 304 -
::1 - - [24/Mar/2019:12:46:54 -0600] "GET /mysql/themes/pmahomme/img/sprites.png?v=4.5.4.1 HTTP/1.1" 304 -
::1 - - [24/Mar/2019:12:46:54 -0600] "POST /mysql/transformation_overview.php?token=36d4150c997257ce18f8cb25c31ec6f4 HTTP/1.1" 200 3684
::1 - - [24/Mar/2019:12:47:13 -0600] "POST /mysql/tbl_create.php HTTP/1.1" 200 1672
::1 - - [24/Mar/2019:12:47:13 -0600] "GET /mysql/themes/pmahomme/jquery/images/ui-bg_flat_75_ffffff_40x100.png HTTP/1.1" 200 247
::1 - - [24/Mar/2019:12:47:13 -0600] "GET /mysql/themes/pmahomme/jquery/images/ui-icons_222222_256x240.png HTTP/1.1" 200 7006
::1 - - [24/Mar/2019:12:47:13 -0600] "GET /mysql/themes/pmahomme/jquery/images/ui-bg_highlight-soft_75_cccccc_1x100.png HTTP/1.1" 200 319
::1 - - [24/Mar/2019:12:47:13 -0600] "GET /mysql/themes/pmahomme/jquery/images/ui-bg_glass_75_e6e6e6_1x400.png HTTP/1.1" 200 301
::1 - - [24/Mar/2019:12:47:13 -0600] "GET /mysql/themes/pmahomme/jquery/images/ui-icons_888888_256x240.png HTTP/1.1" 200 7092
::1 - - [24/Mar/2019:12:47:13 -0600] "GET /mysql/themes/pmahomme/jquery/images/ui-bg_flat_0_aaaaaa_40x100.png HTTP/1.1" 200 251
::1 - - [24/Mar/2019:12:47:13 -0600] "GET /mysql/themes/pmahomme/jquery/images/ui-bg_glass_75_dadada_1x400.png HTTP/1.1" 200 301
::1 - - [24/Mar/2019:12:47:25 -0600] "GET /mysql/themes/pmahomme/jquery/images/ui-icons_454545_256x240.png HTTP/1.1" 200 7071
::1 - - [24/Mar/2019:12:47:25 -0600] "GET /mysql/themes/pmahomme/jquery/images/ui-bg_glass_65_ffffff_1x400.png HTTP/1.1" 200 246
::1 - - [24/Mar/2019:12:47:30 -0600] "POST /mysql/tbl_structure.php HTTP/1.1" 200 95
::1 - - [24/Mar/2019:12:47:31 -0600] "POST /mysql/tbl_create.php HTTP/1.1" 200 116
::1 - - [24/Mar/2019:12:47:48 -0600] "POST /mysql/tbl_structure.php HTTP/1.1" 200 95
::1 - - [24/Mar/2019:12:47:48 -0600] "POST /mysql/tbl_create.php HTTP/1.1" 200 205
::1 - - [24/Mar/2019:12:48:01 -0600] "POST /mysql/tbl_create.php HTTP/1.1" 200 1688
::1 - - [24/Mar/2019:12:48:05 -0600] "POST /mysql/tbl_structure.php HTTP/1.1" 200 95
::1 - - [24/Mar/2019:12:48:05 -0600] "POST /mysql/tbl_create.php HTTP/1.1" 200 214
::1 - - [24/Mar/2019:12:48:28 -0600] "POST /mysql/tbl_create.php HTTP/1.1" 200 1690
::1 - - [24/Mar/2019:12:48:30 -0600] "POST /mysql/tbl_structure.php HTTP/1.1" 200 95
::1 - - [24/Mar/2019:12:48:30 -0600] "POST /mysql/tbl_create.php HTTP/1.1" 200 214
::1 - - [24/Mar/2019:12:48:44 -0600] "POST /mysql/tbl_structure.php HTTP/1.1" 200 95
::1 - - [24/Mar/2019:12:48:44 -0600] "POST /mysql/tbl_create.php HTTP/1.1" 200 210
::1 - - [24/Mar/2019:12:48:57 -0600] "POST /mysql/tbl_create.php HTTP/1.1" 200 1676
::1 - - [24/Mar/2019:12:49:24 -0600] "POST /mysql/tbl_create.php HTTP/1.1" 200 1692
::1 - - [24/Mar/2019:12:49:28 -0600] "POST /mysql/tbl_structure.php HTTP/1.1" 200 95
::1 - - [24/Mar/2019:12:49:28 -0600] "POST /mysql/tbl_create.php HTTP/1.1" 200 220
::1 - - [24/Mar/2019:12:49:44 -0600] "POST /mysql/tbl_create.php HTTP/1.1" 200 1692
::1 - - [24/Mar/2019:12:53:47 -0600] "GET /index.html HTTP/1.1" 304 -
::1 - - [24/Mar/2019:12:53:49 -0600] "GET /vehicle/New_Vehicle.html HTTP/1.1" 200 778
::1 - - [24/Mar/2019:12:53:50 -0600] "GET /tableTest.php HTTP/1.1" 404 311
::1 - - [24/Mar/2019:12:54:31 -0600] "GET /tableTest.php HTTP/1.1" 200 1544
::1 - - [24/Mar/2019:12:54:46 -0600] "GET /tableTest.php HTTP/1.1" 200 169
::1 - - [24/Mar/2019:12:55:02 -0600] "GET /tableTest.php HTTP/1.1" 200 169
::1 - - [24/Mar/2019:12:55:24 -0600] "GET /tableTest.php HTTP/1.1" 200 34
::1 - - [24/Mar/2019:12:55:36 -0600] "GET /action.php?vin_text=1&year_text=2&model_text=3&edition_text=&date_text=&colour_interior_text=&colour_exterior_text= HTTP/1.1" 200 3480
::1 - - [24/Mar/2019:12:56:16 -0600] "GET /action.php?vin_text=1&year_text=2&model_text=3&edition_text=&date_text=&colour_interior_text=&colour_exterior_text= HTTP/1.1" 200 3480
::1 - - [24/Mar/2019:12:56:17 -0600] "GET /action.php?vin_text=1&year_text=2&model_text=3&edition_text=&date_text=&colour_interior_text=&colour_exterior_text= HTTP/1.1" 200 3480
::1 - - [24/Mar/2019:12:56:17 -0600] "GET /action.php?vin_text=1&year_text=2&model_text=3&edition_text=&date_text=&colour_interior_text=&colour_exterior_text= HTTP/1.1" 200 3480
::1 - - [24/Mar/2019:12:56:19 -0600] "GET /action.php?vin_text=1&year_text=2&model_text=3&edition_text=&date_text=&colour_interior_text=&colour_exterior_text= HTTP/1.1" 200 3480
::1 - - [24/Mar/2019:12:56:32 -0600] "GET /action.php?vin_text=1&year_text=2&model_text=3&edition_text=&date_text=&colour_interior_text=&colour_exterior_text= HTTP/1.1" 200 3470
::1 - - [24/Mar/2019:12:57:05 -0600] "GET /action.php?vin_text=1&year_text=2&model_text=3&edition_text=&date_text=&colour_interior_text=&colour_exterior_text= HTTP/1.1" 200 3470
::1 - - [24/Mar/2019:12:57:07 -0600] "GET /action.php?vin_text=1&year_text=2&model_text=3&edition_text=&date_text=&colour_interior_text=&colour_exterior_text= HTTP/1.1" 200 3470
::1 - - [24/Mar/2019:12:57:22 -0600] "GET /action.php?vin_text=1&year_text=2&model_text=3&edition_text=&date_text=&colour_interior_text=&colour_exterior_text= HTTP/1.1" 200 3467
::1 - - [24/Mar/2019:12:57:27 -0600] "GET /tableTest.php HTTP/1.1" 200 52
::1 - - [24/Mar/2019:12:57:37 -0600] "GET /action.php?vin_text=1&year_text=2&model_text=3&edition_text=&date_text=&colour_interior_text=&colour_exterior_text= HTTP/1.1" 200 3467
::1 - - [24/Mar/2019:12:58:50 -0600] "GET /action.php?vin_text=1&year_text=2&model_text=3&edition_text=&date_text=&colour_interior_text=&colour_exterior_text= HTTP/1.1" 200 422
::1 - - [24/Mar/2019:12:59:20 -0600] "GET /action.php?vin_text=1&year_text=2&model_text=3&edition_text=&date_text=&colour_interior_text=&colour_exterior_text= HTTP/1.1" 200 3486
::1 - - [24/Mar/2019:12:59:32 -0600] "GET /action.php?vin_text=1&year_text=2&model_text=3&edition_text=&date_text=&colour_interior_text=&colour_exterior_text= HTTP/1.1" 200 3486
::1 - - [24/Mar/2019:12:59:33 -0600] "GET /action.php?vin_text=1&year_text=2&model_text=3&edition_text=&date_text=&colour_interior_text=&colour_exterior_text= HTTP/1.1" 200 3486
::1 - - [24/Mar/2019:12:59:37 -0600] "GET /action.php?vin_text=1&year_text=2&model_text=3&edition_text=&date_text=&colour_interior_text=&colour_exterior_text= HTTP/1.1" 200 3486
::1 - - [24/Mar/2019:12:59:51 -0600] "GET /action.php?vin_text=1&year_text=2&model_text=3&edition_text=&date_text=&colour_interior_text=&colour_exterior_text= HTTP/1.1" 200 1455
::1 - - [24/Mar/2019:13:01:15 -0600] "GET /action.php?vin_text=1&year_text=2&model_text=3&edition_text=&date_text=&colour_interior_text=&colour_exterior_text= HTTP/1.1" 200 1455
::1 - - [24/Mar/2019:13:01:18 -0600] "GET /action.php?vin_text=1&year_text=2&model_text=3&edition_text=&date_text=&colour_interior_text=&colour_exterior_text= HTTP/1.1" 200 1455
::1 - - [24/Mar/2019:13:03:44 -0600] "GET /action.php?vin_text=1&year_text=2&model_text=3&edition_text=&date_text=&colour_interior_text=&colour_exterior_text= HTTP/1.1" 200 468
::1 - - [24/Mar/2019:13:04:13 -0600] "GET /action.php?vin_text=1&year_text=2&model_text=3&edition_text=&date_text=&colour_interior_text=&colour_exterior_text= HTTP/1.1" 200 2877
::1 - - [24/Mar/2019:13:06:16 -0600] "GET /action.php?vin_text=1&year_text=2&model_text=3&edition_text=&date_text=&colour_interior_text=&colour_exterior_text= HTTP/1.1" 200 1456
::1 - - [24/Mar/2019:13:06:27 -0600] "GET /action.php?vin_text=1&year_text=2&model_text=3&edition_text=&date_text=&colour_interior_text=&colour_exterior_text= HTTP/1.1" 200 1455
::1 - - [24/Mar/2019:13:06:29 -0600] "GET /action.php?vin_text=1&year_text=2&model_text=3&edition_text=&date_text=&colour_interior_text=&colour_exterior_text= HTTP/1.1" 200 1455
::1 - - [24/Mar/2019:13:06:46 -0600] "GET /action.php?vin_text=1&year_text=2&model_text=3&edition_text=&date_text=&colour_interior_text=&colour_exterior_text= HTTP/1.1" 200 51
::1 - - [24/Mar/2019:13:08:21 -0600] "GET /action.php?vin_text=1&year_text=2&model_text=3&edition_text=&date_text=&colour_interior_text=&colour_exterior_text= HTTP/1.1" 200 1456
::1 - - [24/Mar/2019:13:09:31 -0600] "GET /action.php?vin_text=1&year_text=2&model_text=3&edition_text=&date_text=&colour_interior_text=&colour_exterior_text= HTTP/1.1" 200 410
::1 - - [24/Mar/2019:13:10:10 -0600] "GET /action.php?vin_text=1&year_text=2&model_text=3&edition_text=&date_text=&colour_interior_text=&colour_exterior_text= HTTP/1.1" 200 1450
::1 - - [24/Mar/2019:13:10:21 -0600] "GET /action.php?vin_text=1&year_text=2&model_text=3&edition_text=&date_text=&colour_interior_text=&colour_exterior_text= HTTP/1.1" 200 1461
::1 - - [24/Mar/2019:13:10:33 -0600] "GET /action.php?vin_text=1&year_text=2&model_text=3&edition_text=&date_text=&colour_interior_text=&colour_exterior_text= HTTP/1.1" 200 1449
::1 - - [24/Mar/2019:13:11:14 -0600] "GET /mysql/ HTTP/1.1" 200 12846
::1 - - [24/Mar/2019:13:11:14 -0600] "GET /mysql/themes/pmahomme/jquery/jquery-ui-1.11.2.css HTTP/1.1" 304 -
::1 - - [24/Mar/2019:13:11:14 -0600] "GET /mysql/js/codemirror/lib/codemirror.css?v=4.5.4.1 HTTP/1.1" 304 -
::1 - - [24/Mar/2019:13:11:14 -0600] "GET /mysql/js/codemirror/addon/hint/show-hint.css?v=4.5.4.1 HTTP/1.1" 304 -
::1 - - [24/Mar/2019:13:11:14 -0600] "GET /mysql/js/codemirror/addon/lint/lint.css?v=4.5.4.1 HTTP/1.1" 304 -
::1 - - [24/Mar/2019:13:11:14 -0600] "GET /mysql/themes/pmahomme/css/printview.css?v=4.5.4.1 HTTP/1.1" 304 -
::1 - - [24/Mar/2019:13:11:14 -0600] "GET /mysql/themes/dot.gif HTTP/1.1" 304 -
::1 - - [24/Mar/2019:13:11:14 -0600] "GET /mysql/themes/pmahomme/img/logo_left.png HTTP/1.1" 304 -
::1 - - [24/Mar/2019:13:11:14 -0600] "GET /mysql/themes/pmahomme/img/ajax_clock_small.gif HTTP/1.1" 304 -
::1 - - [24/Mar/2019:13:11:14 -0600] "GET /mysql/themes/pmahomme/img/s_collapseall.png HTTP/1.1" 304 -
::1 - - [24/Mar/2019:13:11:14 -0600] "GET /mysql/themes/pmahomme/img/left_nav_bg.png HTTP/1.1" 304 -
::1 - - [24/Mar/2019:13:11:14 -0600] "GET /mysql/themes/pmahomme/img/sprites.png?v=4.5.4.1 HTTP/1.1" 304 -
::1 - - [24/Mar/2019:13:11:14 -0600] "POST /mysql/db_structure.php?ajax_request=1&favorite_table=1&sync_favorite_tables=1&token=36d4150c997257ce18f8cb25c31ec6f4 HTTP/1.1" 200 143
::1 - - [24/Mar/2019:13:11:14 -0600] "GET /mysql/version_check.php?server=1&_nocache=1553454674841986232 HTTP/1.1" 200 39
::1 - - [24/Mar/2019:13:11:17 -0600] "GET /mysql/db_structure.php?server=1&db=dealership&token=36d4150c997257ce18f8cb25c31ec6f4&ajax_request=true&ajax_page_request=true&_nocache=1553454677305326373 HTTP/1.1" 200 4640
::1 - - [24/Mar/2019:13:11:17 -0600] "GET /mysql/themes/pmahomme/img/arrow_ltr.png HTTP/1.1" 304 -
::1 - - [24/Mar/2019:13:11:17 -0600] "GET /mysql/navigation.php?ajax_request=1&token=36d4150c997257ce18f8cb25c31ec6f4&aPath=cm9vdA%3D%3D.ZGVhbGVyc2hpcA%3D%3D&vPath=cm9vdA%3D%3D.ZGVhbGVyc2hpcA%3D%3D&pos=0&pos2_name=&pos2_value=&searchClause=&searchClause2=&_nocache=1553454677533945255 HTTP/1.1" 200 1821
::1 - - [24/Mar/2019:13:11:17 -0600] "POST /mysql/navigation.php?ajax_request=1&token=36d4150c997257ce18f8cb25c31ec6f4 HTTP/1.1" 200 2041
::1 - - [24/Mar/2019:13:11:17 -0600] "GET /mysql/navigation.php?ajax_request=1&token=36d4150c997257ce18f8cb25c31ec6f4&aPath=cm9vdA%3D%3D.ZGVhbGVyc2hpcA%3D%3D&vPath=cm9vdA%3D%3D.ZGVhbGVyc2hpcA%3D%3D&pos=0&pos2_name=&pos2_value=&searchClause=&searchClause2=&_nocache=1553454677735357148 HTTP/1.1" 200 1821
::1 - - [24/Mar/2019:13:11:19 -0600] "GET /mysql/sql.php?server=1&db=dealership&table=vehicle&pos=0&token=36d4150c997257ce18f8cb25c31ec6f4&ajax_request=true&ajax_page_request=true&_nocache=1553454679125318696 HTTP/1.1" 200 4307
::1 - - [24/Mar/2019:13:11:19 -0600] "GET /mysql/js/get_scripts.js.php?scripts%5B%5D=jquery/jquery.uitablefilter.js&scripts%5B%5D=gis_data_editor.js&scripts%5B%5D=multi_column_sort.js&call_done=1&v=4.5.4.1 HTTP/1.1" 200 5811
::1 - - [24/Mar/2019:13:11:19 -0600] "GET /mysql/index.php?ajax_request=1&recent_table=1&token=36d4150c997257ce18f8cb25c31ec6f4&no_debug=true&_nocache=1553454679757548936 HTTP/1.1" 200 1383
::1 - - [24/Mar/2019:13:11:19 -0600] "POST /mysql/navigation.php?ajax_request=1&token=36d4150c997257ce18f8cb25c31ec6f4 HTTP/1.1" 200 2432
::1 - - [24/Mar/2019:13:11:24 -0600] "GET /mysql/tbl_structure.php?db=dealership&table=vehicle&token=36d4150c997257ce18f8cb25c31ec6f4&ajax_request=true&ajax_page_request=true&_nocache=1553454684623238981 HTTP/1.1" 200 7050
::1 - - [24/Mar/2019:13:11:25 -0600] "GET /mysql/js/get_scripts.js.php?scripts%5B%5D=tbl_structure.js&call_done=1&v=4.5.4.1 HTTP/1.1" 200 5130
::1 - - [24/Mar/2019:13:11:25 -0600] "GET /mysql/index.php?ajax_request=1&recent_table=1&token=36d4150c997257ce18f8cb25c31ec6f4&no_debug=true&_nocache=155345468533591645 HTTP/1.1" 200 1383
::1 - - [24/Mar/2019:13:12:04 -0600] "GET /vehicle/New_Vehicle.html HTTP/1.1" 200 778
::1 - - [24/Mar/2019:13:12:05 -0600] "GET /action.php?vin_text=&year_text=&model_text=&edition_text=&date_text=&colour_interior_text=&colour_exterior_text= HTTP/1.1" 200 425
::1 - - [24/Mar/2019:13:12:18 -0600] "GET /action.php?vin_text=&year_text=&model_text=&edition_text=&date_text=&colour_interior_text=&colour_exterior_text= HTTP/1.1" 200 37
::1 - - [24/Mar/2019:13:12:32 -0600] "GET /mysql/tbl_structure.php?db=dealership&table=vehicle&token=36d4150c997257ce18f8cb25c31ec6f4 HTTP/1.1" 200 12530
::1 - - [24/Mar/2019:13:12:32 -0600] "GET /mysql/js/whitelist.php?lang=en&db=dealership&token=36d4150c997257ce18f8cb25c31ec6f4&v=4.5.4.1 HTTP/1.1" 200 482
::1 - - [24/Mar/2019:13:12:32 -0600] "GET /mysql/js/messages.php?lang=en&db=dealership&token=36d4150c997257ce18f8cb25c31ec6f4&v=4.5.4.1 HTTP/1.1" 200 8430
::1 - - [24/Mar/2019:13:12:32 -0600] "GET /mysql/js/get_scripts.js.php?scripts%5B%5D=common.js&scripts%5B%5D=config.js&scripts%5B%5D=page_settings.js&scripts%5B%5D=tbl_structure.js&scripts%5B%5D=codemirror/lib/codemirror.js&scripts%5B%5D=codemirror/mode/sql/sql.js&scripts%5B%5D=codemirror/addon/runmode/runmode.js&scripts%5B%5D=codemirror/addon/hint/show-hint.js&scripts%5B%5D=codemirror/addon/hint/sql-hint.js&scripts%5B%5D=codemirror/addon/lint/lint.js&scripts%5B%5D=codemirror/addon/lint/sql-lint.js&scripts%5B%5D=console.js&v=4.5.4.1 HTTP/1.1" 200 133912
::1 - - [24/Mar/2019:13:12:33 -0600] "GET /mysql/favicon.ico HTTP/1.1" 200 22486
::1 - - [24/Mar/2019:13:12:33 -0600] "POST /mysql/navigation.php?ajax_request=1&token=36d4150c997257ce18f8cb25c31ec6f4 HTTP/1.1" 200 2432
::1 - - [24/Mar/2019:13:12:33 -0600] "GET /mysql/index.php?ajax_request=1&recent_table=1&token=36d4150c997257ce18f8cb25c31ec6f4&no_debug=true&_nocache=15534547530203852 HTTP/1.1" 200 1383
::1 - - [24/Mar/2019:13:12:41 -0600] "GET /mysql/tbl_relation.php?db=dealership&table=vehicle&token=36d4150c997257ce18f8cb25c31ec6f4&ajax_request=true&ajax_page_request=true&_nocache=1553454761267725198 HTTP/1.1" 200 4023
::1 - - [24/Mar/2019:13:12:41 -0600] "GET /mysql/js/get_scripts.js.php?scripts%5B%5D=tbl_relation.js&call_done=1&v=4.5.4.1 HTTP/1.1" 200 2258
::1 - - [24/Mar/2019:13:12:41 -0600] "GET /mysql/index.php?ajax_request=1&recent_table=1&token=36d4150c997257ce18f8cb25c31ec6f4&no_debug=true&_nocache=1553454761738484164 HTTP/1.1" 200 1383
::1 - - [24/Mar/2019:13:12:43 -0600] "GET /mysql/tbl_structure.php?db=dealership&table=vehicle&token=36d4150c997257ce18f8cb25c31ec6f4&ajax_request=true&ajax_page_request=true&_nocache=1553454763728309626 HTTP/1.1" 200 7112
::1 - - [24/Mar/2019:13:12:44 -0600] "GET /mysql/index.php?ajax_request=1&recent_table=1&token=36d4150c997257ce18f8cb25c31ec6f4&no_debug=true&_nocache=1553454764032818373 HTTP/1.1" 200 1383
::1 - - [24/Mar/2019:13:12:44 -0600] "GET /mysql/sql.php?db=dealership&table=vehicle&token=36d4150c997257ce18f8cb25c31ec6f4&pos=0&ajax_request=true&ajax_page_request=true&_nocache=155345476481279777 HTTP/1.1" 200 6632
::1 - - [24/Mar/2019:13:12:45 -0600] "GET /mysql/themes/pmahomme/img/s_fulltext.png HTTP/1.1" 200 193
::1 - - [24/Mar/2019:13:12:45 -0600] "GET /mysql/js/get_scripts.js.php?scripts%5B%5D=jquery/jquery.uitablefilter.js&scripts%5B%5D=tbl_change.js&scripts%5B%5D=gis_data_editor.js&scripts%5B%5D=multi_column_sort.js&scripts%5B%5D=makegrid.js&scripts%5B%5D=sql.js&call_done=1&v=4.5.4.1 HTTP/1.1" 200 37074
::1 - - [24/Mar/2019:13:12:45 -0600] "GET /mysql/themes/pmahomme/img/col_pointer.png HTTP/1.1" 200 113
::1 - - [24/Mar/2019:13:12:45 -0600] "GET /mysql/themes/pmahomme/img/col_drop.png HTTP/1.1" 200 132
::1 - - [24/Mar/2019:13:12:45 -0600] "GET /mysql/index.php?ajax_request=1&recent_table=1&token=36d4150c997257ce18f8cb25c31ec6f4&no_debug=true&_nocache=155345476513317642 HTTP/1.1" 200 1383
::1 - - [24/Mar/2019:13:15:40 -0600] "GET /mysql/tbl_structure.php?db=dealership&table=vehicle&server=1&target=&token=36d4150c997257ce18f8cb25c31ec6f4&ajax_request=true&ajax_page_request=true&_nocache=1553454940180700592 HTTP/1.1" 200 7112
::1 - - [24/Mar/2019:13:15:40 -0600] "POST /mysql/navigation.php?ajax_request=1&token=36d4150c997257ce18f8cb25c31ec6f4 HTTP/1.1" 200 2432
::1 - - [24/Mar/2019:13:15:40 -0600] "GET /mysql/index.php?ajax_request=1&recent_table=1&token=36d4150c997257ce18f8cb25c31ec6f4&no_debug=true&_nocache=1553454940529382524 HTTP/1.1" 200 1383
::1 - - [24/Mar/2019:13:16:23 -0600] "GET /action.php?vin_text=&year_text=&model_text=&edition_text=&date_text=&colour_interior_text=&colour_exterior_text= HTTP/1.1" 200 1452
::1 - - [24/Mar/2019:13:16:29 -0600] "GET /action.php?vin_text=1&year_text=2&model_text=fdsfsd&edition_text=&date_text=&colour_interior_text=&colour_exterior_text= HTTP/1.1" 200 1452
::1 - - [24/Mar/2019:13:16:48 -0600] "GET /vehicle/New_Vehicle.html HTTP/1.1" 200 782
::1 - - [24/Mar/2019:13:16:54 -0600] "GET /action.php?vin_text=1&year_text=2&model_text=asdsa&edition_text=&date_text=&colour_interior_text=&colour_exterior_text= HTTP/1.1" 200 1452
::1 - - [24/Mar/2019:13:17:04 -0600] "GET /action.php?vin_text=1&year_text=2&model_text=asdsa&edition_text=&date_text=&colour_interior_text=&colour_exterior_text= HTTP/1.1" 200 1452
::1 - - [24/Mar/2019:13:17:07 -0600] "GET /vehicle/New_Vehicle.html HTTP/1.1" 304 -
::1 - - [24/Mar/2019:13:17:11 -0600] "GET /action.php?vin_text=213213&year_text=21321&model_text=1111&edition_text=&date_text=&colour_interior_text=&colour_exterior_text= HTTP/1.1" 200 1452
::1 - - [24/Mar/2019:13:17:58 -0600] "GET /action.php?vin_text=213213&year_text=21321&model_text=1111&edition_text=&date_text=&colour_interior_text=&colour_exterior_text= HTTP/1.1" 200 4829
::1 - - [24/Mar/2019:13:21:41 -0600] "GET /action.php?vin_text=213213&year_text=21321&model_text=1111&edition_text=&date_text=&colour_interior_text=&colour_exterior_text= HTTP/1.1" 200 1070
::1 - - [24/Mar/2019:13:23:05 -0600] "GET /action.php?vin_text=213213&year_text=21321&model_text=1111&edition_text=&date_text=&colour_interior_text=&colour_exterior_text= HTTP/1.1" 200 2079
::1 - - [24/Mar/2019:13:23:28 -0600] "GET /action.php?vin_text=213213&year_text=21321&model_text=1111&edition_text=&date_text=&colour_interior_text=&colour_exterior_text= HTTP/1.1" 200 1067
::1 - - [24/Mar/2019:13:23:39 -0600] "GET /action.php?vin_text=213213&year_text=21321&model_text=1111&edition_text=&date_text=&colour_interior_text=&colour_exterior_text= HTTP/1.1" 200 1061
::1 - - [24/Mar/2019:13:24:12 -0600] "GET /action.php?vin_text=213213&year_text=21321&model_text=1111&edition_text=&date_text=&colour_interior_text=&colour_exterior_text= HTTP/1.1" 200 1061
::1 - - [24/Mar/2019:13:24:14 -0600] "GET /action.php?vin_text=213213&year_text=21321&model_text=1111&edition_text=&date_text=&colour_interior_text=&colour_exterior_text= HTTP/1.1" 200 1061
::1 - - [24/Mar/2019:13:24:20 -0600] "GET /action.php?vin_text=213213&year_text=21321&model_text=1111&edition_text=&date_text=&colour_interior_text=&colour_exterior_text= HTTP/1.1" 200 1067
::1 - - [24/Mar/2019:13:24:23 -0600] "GET /tableTest.php HTTP/1.1" 200 52
::1 - - [24/Mar/2019:13:24:25 -0600] "GET /action.php?vin_text=213213&year_text=21321&model_text=1111&edition_text=&date_text=&colour_interior_text=&colour_exterior_text= HTTP/1.1" 200 1067
::1 - - [24/Mar/2019:13:25:10 -0600] "GET /action.php?vin_text=213213&year_text=21321&model_text=1111&edition_text=&date_text=&colour_interior_text=&colour_exterior_text= HTTP/1.1" 200 1042
::1 - - [24/Mar/2019:13:25:30 -0600] "GET /action.php?vin_text=213213&year_text=21321&model_text=1111&edition_text=&date_text=&colour_interior_text=&colour_exterior_text= HTTP/1.1" 200 1037
::1 - - [24/Mar/2019:13:26:24 -0600] "GET /action.php?vin_text=213213&year_text=21321&model_text=1111&edition_text=&date_text=&colour_interior_text=&colour_exterior_text= HTTP/1.1" 200 1030
::1 - - [24/Mar/2019:13:26:44 -0600] "GET /action.php?vin_text=213213&year_text=21321&model_text=1111&edition_text=&date_text=&colour_interior_text=&colour_exterior_text= HTTP/1.1" 200 36
::1 - - [24/Mar/2019:13:27:23 -0600] "GET /action.php?vin_text=213213&year_text=21321&model_text=1111&edition_text=&date_text=&colour_interior_text=&colour_exterior_text= HTTP/1.1" 200 36
::1 - - [24/Mar/2019:13:27:25 -0600] "GET /action.php?vin_text=213213&year_text=21321&model_text=1111&edition_text=&date_text=&colour_interior_text=&colour_exterior_text= HTTP/1.1" 200 36
::1 - - [24/Mar/2019:13:27:26 -0600] "GET /action.php?vin_text=213213&year_text=21321&model_text=1111&edition_text=&date_text=&colour_interior_text=&colour_exterior_text= HTTP/1.1" 200 36
::1 - - [24/Mar/2019:13:27:28 -0600] "GET /action.php?vin_text=213213&year_text=21321&model_text=1111&edition_text=&date_text=&colour_interior_text=&colour_exterior_text= HTTP/1.1" 200 36
::1 - - [24/Mar/2019:13:28:13 -0600] "GET /action.php?vin_text=123&year_text=123&model_text=123&edition_text=&date_text=&colour_interior_text=&colour_exterior_text= HTTP/1.1" 200 33
::1 - - [24/Mar/2019:13:28:17 -0600] "GET /mysql/tbl_structure.php?db=dealership&table=vehicle&token=36d4150c997257ce18f8cb25c31ec6f4 HTTP/1.1" 200 12539
::1 - - [24/Mar/2019:13:28:17 -0600] "GET /mysql/themes/pmahomme/jquery/jquery-ui-1.11.2.css HTTP/1.1" 304 -
::1 - - [24/Mar/2019:13:28:17 -0600] "GET /mysql/js/codemirror/lib/codemirror.css?v=4.5.4.1 HTTP/1.1" 304 -
::1 - - [24/Mar/2019:13:28:17 -0600] "GET /mysql/js/codemirror/addon/lint/lint.css?v=4.5.4.1 HTTP/1.1" 304 -
::1 - - [24/Mar/2019:13:28:17 -0600] "GET /mysql/themes/pmahomme/css/printview.css?v=4.5.4.1 HTTP/1.1" 304 -
::1 - - [24/Mar/2019:13:28:17 -0600] "GET /mysql/js/codemirror/addon/hint/show-hint.css?v=4.5.4.1 HTTP/1.1" 304 -
::1 - - [24/Mar/2019:13:28:17 -0600] "GET /mysql/themes/dot.gif HTTP/1.1" 304 -
::1 - - [24/Mar/2019:13:28:17 -0600] "GET /mysql/themes/pmahomme/img/logo_left.png HTTP/1.1" 304 -
::1 - - [24/Mar/2019:13:28:17 -0600] "GET /mysql/themes/pmahomme/img/ajax_clock_small.gif HTTP/1.1" 304 -
::1 - - [24/Mar/2019:13:28:17 -0600] "GET /mysql/themes/pmahomme/img/s_collapseall.png HTTP/1.1" 304 -
::1 - - [24/Mar/2019:13:28:17 -0600] "GET /mysql/themes/pmahomme/img/arrow_ltr.png HTTP/1.1" 304 -
::1 - - [24/Mar/2019:13:28:17 -0600] "GET /mysql/js/get_scripts.js.php?scripts%5B%5D=jquery/jquery-1.11.1.min.js&scripts%5B%5D=sprintf.js&scripts%5B%5D=ajax.js&scripts%5B%5D=keyhandler.js&scripts%5B%5D=jquery/jquery-ui-1.11.2.min.js&scripts%5B%5D=jquery/jquery.cookie.js&scripts%5B%5D=jquery/jquery.mousewheel.js&scripts%5B%5D=jquery/jquery.event.drag-2.2.js&scripts%5B%5D=jquery/jquery-ui-timepicker-addon.js&scripts%5B%5D=jquery/jquery.ba-hashchange-1.3.js&scripts%5B%5D=jquery/jquery.debounce-1.0.5.js&scripts%5B%5D=menu-resizer.js&scripts%5B%5D=cross_framing_protection.js&scripts%5B%5D=rte.js&scripts%5B%5D=tracekit/tracekit.js&scripts%5B%5D=error_report.js&scripts%5B%5D=doclinks.js&scripts%5B%5D=functions.js&scripts%5B%5D=navigation.js&scripts%5B%5D=indexes.js&v=4.5.4.1 HTTP/1.1" 200 216429
::1 - - [24/Mar/2019:13:28:17 -0600] "GET /mysql/js/get_image.js.php?theme=pmahomme&v=4.5.4.1 HTTP/1.1" 200 1822
::1 - - [24/Mar/2019:13:28:18 -0600] "GET /mysql/themes/pmahomme/img/left_nav_bg.png HTTP/1.1" 304 -
::1 - - [24/Mar/2019:13:28:18 -0600] "GET /mysql/themes/pmahomme/img/sprites.png?v=4.5.4.1 HTTP/1.1" 304 -
::1 - - [24/Mar/2019:13:28:18 -0600] "GET /mysql/favicon.ico HTTP/1.1" 200 22486
::1 - - [24/Mar/2019:13:28:18 -0600] "GET /mysql/index.php?ajax_request=1&recent_table=1&token=36d4150c997257ce18f8cb25c31ec6f4&no_debug=true&_nocache=155345569822692161 HTTP/1.1" 200 1383
::1 - - [24/Mar/2019:13:28:18 -0600] "POST /mysql/navigation.php?ajax_request=1&token=36d4150c997257ce18f8cb25c31ec6f4 HTTP/1.1" 200 2432
::1 - - [24/Mar/2019:13:28:25 -0600] "GET /mysql/tbl_relation.php?db=dealership&table=vehicle&token=36d4150c997257ce18f8cb25c31ec6f4&ajax_request=true&ajax_page_request=true&_nocache=1553455705215309281 HTTP/1.1" 200 4023
::1 - - [24/Mar/2019:13:28:25 -0600] "GET /mysql/index.php?ajax_request=1&recent_table=1&token=36d4150c997257ce18f8cb25c31ec6f4&no_debug=true&_nocache=1553455705462392571 HTTP/1.1" 200 1383
::1 - - [24/Mar/2019:13:28:26 -0600] "GET /mysql/sql.php?db=dealership&table=vehicle&token=36d4150c997257ce18f8cb25c31ec6f4&pos=0&ajax_request=true&ajax_page_request=true&_nocache=1553455706721871450 HTTP/1.1" 200 6631
::1 - - [24/Mar/2019:13:28:27 -0600] "GET /mysql/index.php?ajax_request=1&recent_table=1&token=36d4150c997257ce18f8cb25c31ec6f4&no_debug=true&_nocache=1553455707018562607 HTTP/1.1" 200 1383
::1 - - [24/Mar/2019:13:28:32 -0600] "GET /mysql/themes/pmahomme/jquery/images/ui-bg_flat_75_ffffff_40x100.png HTTP/1.1" 304 -
::1 - - [24/Mar/2019:13:28:32 -0600] "GET /mysql/themes/pmahomme/jquery/images/ui-icons_222222_256x240.png HTTP/1.1" 304 -
::1 - - [24/Mar/2019:13:28:32 -0600] "GET /mysql/themes/pmahomme/jquery/images/ui-bg_highlight-soft_75_cccccc_1x100.png HTTP/1.1" 304 -
::1 - - [24/Mar/2019:13:28:32 -0600] "GET /mysql/themes/pmahomme/jquery/images/ui-icons_888888_256x240.png HTTP/1.1" 304 -
::1 - - [24/Mar/2019:13:28:32 -0600] "GET /mysql/themes/pmahomme/jquery/images/ui-bg_glass_75_e6e6e6_1x400.png HTTP/1.1" 304 -
::1 - - [24/Mar/2019:13:28:32 -0600] "GET /mysql/themes/pmahomme/jquery/images/ui-bg_flat_0_aaaaaa_40x100.png HTTP/1.1" 304 -
::1 - - [24/Mar/2019:13:28:32 -0600] "GET /mysql/themes/pmahomme/jquery/images/ui-bg_glass_75_dadada_1x400.png HTTP/1.1" 304 -
::1 - - [24/Mar/2019:13:28:33 -0600] "GET /mysql/themes/pmahomme/jquery/images/ui-bg_glass_65_ffffff_1x400.png HTTP/1.1" 304 -
::1 - - [24/Mar/2019:13:28:33 -0600] "GET /mysql/sql.php?db=dealership&table=vehicle&sql_query=DELETE+FROM+%60vehicle%60+WHERE+%60vehicle%60.%60VIN%60+%3D+123456790&message_to_show=The+row+has+been+deleted.&goto=sql.php%3Fdb%3Ddealership%26table%3Dvehicle%26sql_query%3DSELECT%2B%252A%2BFROM%2B%2560vehicle%2560%26message_to_show%3DThe%2Brow%2Bhas%2Bbeen%2Bdeleted.%26goto%3Dtbl_sql.php%26token%3D36d4150c997257ce18f8cb25c31ec6f4&token=36d4150c997257ce18f8cb25c31ec6f4&ajax_request=true&is_js_confirmed=true&_nocache=155345571324942787 HTTP/1.1" 200 1892
::1 - - [24/Mar/2019:13:28:36 -0600] "GET /mysql/sql.php?db=dealership&table=vehicle&token=36d4150c997257ce18f8cb25c31ec6f4&pos=0 HTTP/1.1" 200 10059
::1 - - [24/Mar/2019:13:28:36 -0600] "GET /mysql/js/get_scripts.js.php?scripts%5B%5D=common.js&scripts%5B%5D=config.js&scripts%5B%5D=page_settings.js&scripts%5B%5D=jquery/jquery.uitablefilter.js&scripts%5B%5D=tbl_change.js&scripts%5B%5D=gis_data_editor.js&scripts%5B%5D=multi_column_sort.js&scripts%5B%5D=codemirror/lib/codemirror.js&scripts%5B%5D=codemirror/mode/sql/sql.js&scripts%5B%5D=codemirror/addon/runmode/runmode.js&scripts%5B%5D=codemirror/addon/hint/show-hint.js&scripts%5B%5D=codemirror/addon/hint/sql-hint.js&scripts%5B%5D=codemirror/addon/lint/lint.js&scripts%5B%5D=codemirror/addon/lint/sql-lint.js&scripts%5B%5D=console.js&v=4.5.4.1 HTTP/1.1" 200 141106
::1 - - [24/Mar/2019:13:28:37 -0600] "GET /mysql/favicon.ico HTTP/1.1" 200 22486
::1 - - [24/Mar/2019:13:28:37 -0600] "POST /mysql/navigation.php?ajax_request=1&token=36d4150c997257ce18f8cb25c31ec6f4 HTTP/1.1" 200 2432
::1 - - [24/Mar/2019:13:28:37 -0600] "GET /mysql/index.php?ajax_request=1&recent_table=1&token=36d4150c997257ce18f8cb25c31ec6f4&no_debug=true&_nocache=1553455717110541868 HTTP/1.1" 200 1383
::1 - - [24/Mar/2019:13:28:59 -0600] "GET /vehicle/New_Vehicle.html HTTP/1.1" 200 796
::1 - - [24/Mar/2019:13:29:04 -0600] "POST /action.php HTTP/1.1" 200 2054
::1 - - [24/Mar/2019:13:29:12 -0600] "POST /action.php HTTP/1.1" 200 2054
::1 - - [24/Mar/2019:13:29:15 -0600] "POST /action.php HTTP/1.1" 200 2054
::1 - - [24/Mar/2019:13:29:49 -0600] "POST /action.php HTTP/1.1" 200 2054
::1 - - [24/Mar/2019:13:29:51 -0600] "POST /action.php HTTP/1.1" 200 2054
::1 - - [24/Mar/2019:13:29:54 -0600] "GET /mysql/sql.php?db=dealership&table=vehicle&token=36d4150c997257ce18f8cb25c31ec6f4&pos=0 HTTP/1.1" 200 10074
::1 - - [24/Mar/2019:13:29:54 -0600] "GET /mysql/phpmyadmin.css.php?nocache=6213779461ltr HTTP/1.1" 200 20076
::1 - - [24/Mar/2019:13:29:55 -0600] "GET /mysql/favicon.ico HTTP/1.1" 200 22486
::1 - - [24/Mar/2019:13:29:54 -0600] "GET /mysql/index.php?ajax_request=1&recent_table=1&token=36d4150c997257ce18f8cb25c31ec6f4&no_debug=true&_nocache=1553455794973952161 HTTP/1.1" 200 1383
::1 - - [24/Mar/2019:13:29:54 -0600] "POST /mysql/navigation.php?ajax_request=1&token=36d4150c997257ce18f8cb25c31ec6f4 HTTP/1.1" 200 2432
::1 - - [24/Mar/2019:13:29:58 -0600] "POST /action.php HTTP/1.1" 200 2054
::1 - - [24/Mar/2019:13:30:03 -0600] "POST /action.php HTTP/1.1" 200 2054
::1 - - [24/Mar/2019:13:31:14 -0600] "POST /action.php HTTP/1.1" 200 1042
::1 - - [24/Mar/2019:13:31:29 -0600] "POST /action.php HTTP/1.1" 200 33
::1 - - [24/Mar/2019:13:31:32 -0600] "GET /mysql/sql.php?db=dealership&table=vehicle&token=36d4150c997257ce18f8cb25c31ec6f4&pos=0 HTTP/1.1" 200 10082
::1 - - [24/Mar/2019:13:31:32 -0600] "GET /mysql/favicon.ico HTTP/1.1" 200 22486
::1 - - [24/Mar/2019:13:31:32 -0600] "POST /mysql/navigation.php?ajax_request=1&token=36d4150c997257ce18f8cb25c31ec6f4 HTTP/1.1" 200 2432
::1 - - [24/Mar/2019:13:31:32 -0600] "GET /mysql/index.php?ajax_request=1&recent_table=1&token=36d4150c997257ce18f8cb25c31ec6f4&no_debug=true&_nocache=155345589269729079 HTTP/1.1" 200 1383
::1 - - [24/Mar/2019:13:31:34 -0600] "GET /mysql/tbl_structure.php?db=dealership&table=vehicle&token=36d4150c997257ce18f8cb25c31ec6f4&ajax_request=true&ajax_page_request=true&_nocache=15534558948266948 HTTP/1.1" 200 7113
::1 - - [24/Mar/2019:13:31:35 -0600] "GET /mysql/index.php?ajax_request=1&recent_table=1&token=36d4150c997257ce18f8cb25c31ec6f4&no_debug=true&_nocache=1553455895063436414 HTTP/1.1" 200 1383
::1 - - [24/Mar/2019:13:31:35 -0600] "GET /mysql/sql.php?db=dealership&table=vehicle&token=36d4150c997257ce18f8cb25c31ec6f4&pos=0&ajax_request=true&ajax_page_request=true&_nocache=1553455895576606026 HTTP/1.1" 200 4307
::1 - - [24/Mar/2019:13:31:35 -0600] "GET /mysql/index.php?ajax_request=1&recent_table=1&token=36d4150c997257ce18f8cb25c31ec6f4&no_debug=true&_nocache=1553455895809890502 HTTP/1.1" 200 1383
::1 - - [24/Mar/2019:13:32:47 -0600] "POST /action.php HTTP/1.1" 200 48
::1 - - [24/Mar/2019:13:32:51 -0600] "GET /mysql/sql.php?db=dealership&table=vehicle&token=36d4150c997257ce18f8cb25c31ec6f4&pos=0 HTTP/1.1" 200 12468
::1 - - [24/Mar/2019:13:32:51 -0600] "GET /mysql/themes/pmahomme/img/s_fulltext.png HTTP/1.1" 304 -
::1 - - [24/Mar/2019:13:32:51 -0600] "GET /mysql/js/get_scripts.js.php?scripts%5B%5D=common.js&scripts%5B%5D=config.js&scripts%5B%5D=page_settings.js&scripts%5B%5D=jquery/jquery.uitablefilter.js&scripts%5B%5D=tbl_change.js&scripts%5B%5D=gis_data_editor.js&scripts%5B%5D=multi_column_sort.js&scripts%5B%5D=makegrid.js&scripts%5B%5D=sql.js&scripts%5B%5D=codemirror/lib/codemirror.js&scripts%5B%5D=codemirror/mode/sql/sql.js&scripts%5B%5D=codemirror/addon/runmode/runmode.js&scripts%5B%5D=codemirror/addon/hint/show-hint.js&scripts%5B%5D=codemirror/addon/hint/sql-hint.js&scripts%5B%5D=codemirror/addon/lint/lint.js&scripts%5B%5D=codemirror/addon/lint/sql-lint.js&scripts%5B%5D=console.js&v=4.5.4.1 HTTP/1.1" 200 165856
::1 - - [24/Mar/2019:13:32:51 -0600] "GET /mysql/themes/pmahomme/img/col_drop.png HTTP/1.1" 304 -
::1 - - [24/Mar/2019:13:32:51 -0600] "GET /mysql/themes/pmahomme/img/col_pointer.png HTTP/1.1" 304 -
::1 - - [24/Mar/2019:13:32:51 -0600] "GET /mysql/favicon.ico HTTP/1.1" 200 22486
::1 - - [24/Mar/2019:13:32:51 -0600] "GET /mysql/index.php?ajax_request=1&recent_table=1&token=36d4150c997257ce18f8cb25c31ec6f4&no_debug=true&_nocache=1553455971765637380 HTTP/1.1" 200 1383
::1 - - [24/Mar/2019:13:32:51 -0600] "POST /mysql/navigation.php?ajax_request=1&token=36d4150c997257ce18f8cb25c31ec6f4 HTTP/1.1" 200 2432
::1 - - [24/Mar/2019:13:33:03 -0600] "GET /mysql/sql.php?db=dealership&table=vehicle&sql_query=DELETE+FROM+%60vehicle%60+WHERE+%60vehicle%60.%60VIN%60+%3D+999&message_to_show=The+row+has+been+deleted.&goto=sql.php%3Fdb%3Ddealership%26table%3Dvehicle%26sql_query%3DSELECT%2B%252A%2BFROM%2B%2560vehicle%2560%26message_to_show%3DThe%2Brow%2Bhas%2Bbeen%2Bdeleted.%26goto%3Dtbl_sql.php%26token%3D36d4150c997257ce18f8cb25c31ec6f4&token=36d4150c997257ce18f8cb25c31ec6f4&ajax_request=true&ajax_page_request=true&_nocache=1553455983625530774 HTTP/1.1" 200 4142
::1 - - [24/Mar/2019:13:33:03 -0600] "GET /mysql/index.php?ajax_request=1&recent_table=1&token=36d4150c997257ce18f8cb25c31ec6f4&no_debug=true&_nocache=1553455983946468360 HTTP/1.1" 200 1383
::1 - - [24/Mar/2019:13:33:18 -0600] "POST /action.php HTTP/1.1" 200 1187
::1 - - [24/Mar/2019:13:33:37 -0600] "GET /mysql/sql.php?server=1&db=dealership&table=vehicle&pos=0&token=36d4150c997257ce18f8cb25c31ec6f4&ajax_request=true&ajax_page_request=true&_nocache=1553456017928449242 HTTP/1.1" 200 4307
::1 - - [24/Mar/2019:13:33:38 -0600] "GET /mysql/index.php?ajax_request=1&recent_table=1&token=36d4150c997257ce18f8cb25c31ec6f4&no_debug=true&_nocache=1553456018187470505 HTTP/1.1" 200 1383
::1 - - [24/Mar/2019:13:33:38 -0600] "POST /mysql/navigation.php?ajax_request=1&token=36d4150c997257ce18f8cb25c31ec6f4 HTTP/1.1" 200 2432
::1 - - [24/Mar/2019:13:33:39 -0600] "GET /mysql/tbl_structure.php?db=dealership&table=vehicle&token=36d4150c997257ce18f8cb25c31ec6f4&ajax_request=true&ajax_page_request=true&_nocache=1553456019754561639 HTTP/1.1" 200 7113
::1 - - [24/Mar/2019:13:33:40 -0600] "GET /mysql/index.php?ajax_request=1&recent_table=1&token=36d4150c997257ce18f8cb25c31ec6f4&no_debug=true&_nocache=1553456020044583213 HTTP/1.1" 200 1383
::1 - - [24/Mar/2019:13:33:57 -0600] "POST /action.php HTTP/1.1" 200 1187
::1 - - [24/Mar/2019:13:34:27 -0600] "POST /action.php HTTP/1.1" 200 1060
::1 - - [24/Mar/2019:13:34:34 -0600] "GET /tableTest.php HTTP/1.1" 200 52
::1 - - [24/Mar/2019:13:34:35 -0600] "POST /action.php HTTP/1.1" 200 1060
::1 - - [24/Mar/2019:13:35:52 -0600] "POST /action.php HTTP/1.1" 200 1060
::1 - - [24/Mar/2019:13:36:24 -0600] "POST /action.php HTTP/1.1" 200 1060
::1 - - [24/Mar/2019:13:36:26 -0600] "POST /action.php HTTP/1.1" 200 1060
::1 - - [24/Mar/2019:13:37:35 -0600] "POST /action.php HTTP/1.1" 200 432
::1 - - [24/Mar/2019:13:37:43 -0600] "POST /action.php HTTP/1.1" 200 3225
::1 - - [24/Mar/2019:13:38:26 -0600] "POST /action.php HTTP/1.1" 200 5510
::1 - - [24/Mar/2019:13:38:31 -0600] "POST /action.php HTTP/1.1" 200 5510
::1 - - [24/Mar/2019:13:38:51 -0600] "POST /action.php HTTP/1.1" 200 4482
::1 - - [24/Mar/2019:13:38:54 -0600] "POST /action.php HTTP/1.1" 200 4482
::1 - - [24/Mar/2019:13:39:14 -0600] "POST /action.php HTTP/1.1" 200 3470
::1 - - [24/Mar/2019:13:39:36 -0600] "POST /action.php HTTP/1.1" 200 18
::1 - - [24/Mar/2019:13:39:52 -0600] "POST /action.php HTTP/1.1" 200 432
::1 - - [24/Mar/2019:13:40:02 -0600] "POST /action.php HTTP/1.1" 200 28
::1 - - [24/Mar/2019:13:40:24 -0600] "POST /action.php HTTP/1.1" 200 36
::1 - - [24/Mar/2019:13:41:27 -0600] "POST /action.php HTTP/1.1" 200 52
::1 - - [24/Mar/2019:13:44:26 -0600] "POST /action.php HTTP/1.1" 200 52
::1 - - [24/Mar/2019:13:46:43 -0600] "POST /action.php HTTP/1.1" 200 1192
::1 - - [24/Mar/2019:13:47:02 -0600] "POST /action.php HTTP/1.1" 200 3477
::1 - - [24/Mar/2019:13:47:38 -0600] "POST /action.php HTTP/1.1" 200 1455
::1 - - [24/Mar/2019:13:47:58 -0600] "POST /action.php HTTP/1.1" 200 2467
::1 - - [24/Mar/2019:13:48:12 -0600] "POST /action.php HTTP/1.1" 200 25
::1 - - [24/Mar/2019:13:48:18 -0600] "GET /mysql/tbl_structure.php?db=dealership&table=vehicle&token=36d4150c997257ce18f8cb25c31ec6f4 HTTP/1.1" 200 12640
::1 - - [24/Mar/2019:13:48:18 -0600] "GET /mysql/themes/pmahomme/jquery/jquery-ui-1.11.2.css HTTP/1.1" 304 -
::1 - - [24/Mar/2019:13:48:18 -0600] "GET /mysql/js/codemirror/lib/codemirror.css?v=4.5.4.1 HTTP/1.1" 304 -
::1 - - [24/Mar/2019:13:48:18 -0600] "GET /mysql/js/codemirror/addon/hint/show-hint.css?v=4.5.4.1 HTTP/1.1" 304 -
::1 - - [24/Mar/2019:13:48:18 -0600] "GET /mysql/js/codemirror/addon/lint/lint.css?v=4.5.4.1 HTTP/1.1" 304 -
::1 - - [24/Mar/2019:13:48:18 -0600] "GET /mysql/themes/pmahomme/css/printview.css?v=4.5.4.1 HTTP/1.1" 304 -
::1 - - [24/Mar/2019:13:48:18 -0600] "GET /mysql/themes/dot.gif HTTP/1.1" 304 -
::1 - - [24/Mar/2019:13:48:18 -0600] "GET /mysql/themes/pmahomme/img/logo_left.png HTTP/1.1" 304 -
::1 - - [24/Mar/2019:13:48:18 -0600] "GET /mysql/themes/pmahomme/img/ajax_clock_small.gif HTTP/1.1" 304 -
::1 - - [24/Mar/2019:13:48:18 -0600] "GET /mysql/themes/pmahomme/img/s_collapseall.png HTTP/1.1" 304 -
::1 - - [24/Mar/2019:13:48:18 -0600] "GET /mysql/themes/pmahomme/img/arrow_ltr.png HTTP/1.1" 304 -
::1 - - [24/Mar/2019:13:48:18 -0600] "GET /mysql/themes/pmahomme/img/sprites.png?v=4.5.4.1 HTTP/1.1" 304 -
::1 - - [24/Mar/2019:13:48:18 -0600] "GET /mysql/themes/pmahomme/img/left_nav_bg.png HTTP/1.1" 304 -
::1 - - [24/Mar/2019:13:48:18 -0600] "GET /mysql/favicon.ico HTTP/1.1" 200 22486
::1 - - [24/Mar/2019:13:48:18 -0600] "GET /mysql/index.php?ajax_request=1&recent_table=1&token=36d4150c997257ce18f8cb25c31ec6f4&no_debug=true&_nocache=1553456898855733016 HTTP/1.1" 200 1383
::1 - - [24/Mar/2019:13:48:18 -0600] "POST /mysql/navigation.php?ajax_request=1&token=36d4150c997257ce18f8cb25c31ec6f4 HTTP/1.1" 200 2432
::1 - - [24/Mar/2019:13:48:21 -0600] "GET /mysql/sql.php?db=dealership&table=vehicle&token=36d4150c997257ce18f8cb25c31ec6f4&pos=0&ajax_request=true&ajax_page_request=true&_nocache=1553456901396193578 HTTP/1.1" 200 7231
::1 - - [24/Mar/2019:13:48:21 -0600] "GET /mysql/index.php?ajax_request=1&recent_table=1&token=36d4150c997257ce18f8cb25c31ec6f4&no_debug=true&_nocache=1553456901730886502 HTTP/1.1" 200 1383
::1 - - [24/Mar/2019:13:48:30 -0600] "POST /mysql/tbl_row_action.php HTTP/1.1" 200 1955
::1 - - [24/Mar/2019:13:48:30 -0600] "GET /mysql/index.php?ajax_request=1&recent_table=1&token=36d4150c997257ce18f8cb25c31ec6f4&no_debug=true&_nocache=1553456910395410557 HTTP/1.1" 200 1383
::1 - - [24/Mar/2019:13:48:32 -0600] "POST /mysql/tbl_row_action.php HTTP/1.1" 200 2077
::1 - - [24/Mar/2019:13:48:32 -0600] "GET /mysql/index.php?ajax_request=1&recent_table=1&token=36d4150c997257ce18f8cb25c31ec6f4&no_debug=true&_nocache=1553456912765827025 HTTP/1.1" 200 1383
::1 - - [24/Mar/2019:13:49:08 -0600] "POST /action.php HTTP/1.1" 200 418
::1 - - [24/Mar/2019:13:49:28 -0600] "POST /action.php HTTP/1.1" 200 55
::1 - - [24/Mar/2019:13:49:33 -0600] "GET /mysql/sql.php?db=dealership&table=vehicle&token=36d4150c997257ce18f8cb25c31ec6f4&pos=0&ajax_request=true&ajax_page_request=true&_nocache=1553456973489361753 HTTP/1.1" 200 6616
::1 - - [24/Mar/2019:13:49:33 -0600] "GET /mysql/index.php?ajax_request=1&recent_table=1&token=36d4150c997257ce18f8cb25c31ec6f4&no_debug=true&_nocache=1553456973765369936 HTTP/1.1" 200 1383
::1 - - [24/Mar/2019:13:49:41 -0600] "POST /mysql/tbl_row_action.php HTTP/1.1" 200 70
::1 - - [24/Mar/2019:13:49:43 -0600] "POST /mysql/tbl_row_action.php HTTP/1.1" 200 70
::1 - - [24/Mar/2019:13:49:45 -0600] "POST /mysql/tbl_row_action.php HTTP/1.1" 200 1896
::1 - - [24/Mar/2019:13:49:45 -0600] "GET /mysql/index.php?ajax_request=1&recent_table=1&token=36d4150c997257ce18f8cb25c31ec6f4&no_debug=true&_nocache=1553456985523144346 HTTP/1.1" 200 1383
::1 - - [24/Mar/2019:13:50:17 -0600] "GET /vehicle/New_Vehicle.html HTTP/1.1" 200 797
::1 - - [24/Mar/2019:13:50:42 -0600] "POST /action.php HTTP/1.1" 200 1067
::1 - - [24/Mar/2019:13:51:00 -0600] "POST /action.php HTTP/1.1" 200 1067
::1 - - [24/Mar/2019:13:51:15 -0600] "GET /mysql/sql.php?db=dealership&table=vehicle&token=36d4150c997257ce18f8cb25c31ec6f4&pos=0 HTTP/1.1" 200 13154
::1 - - [24/Mar/2019:13:51:15 -0600] "GET /mysql/favicon.ico HTTP/1.1" 200 22486
::1 - - [24/Mar/2019:13:51:15 -0600] "GET /mysql/index.php?ajax_request=1&recent_table=1&token=36d4150c997257ce18f8cb25c31ec6f4&no_debug=true&_nocache=1553457075555489720 HTTP/1.1" 200 1383
::1 - - [24/Mar/2019:13:51:15 -0600] "POST /mysql/navigation.php?ajax_request=1&token=36d4150c997257ce18f8cb25c31ec6f4 HTTP/1.1" 200 2432
::1 - - [24/Mar/2019:13:52:19 -0600] "POST /action.php HTTP/1.1" 200 1075
::1 - - [24/Mar/2019:13:52:38 -0600] "POST /action.php HTTP/1.1" 200 413
::1 - - [24/Mar/2019:13:52:48 -0600] "POST /action.php HTTP/1.1" 200 1075
::1 - - [24/Mar/2019:13:53:10 -0600] "POST /action.php HTTP/1.1" 200 1079
::1 - - [24/Mar/2019:13:53:36 -0600] "POST /action.php HTTP/1.1" 200 1081
::1 - - [24/Mar/2019:13:53:43 -0600] "POST /action.php HTTP/1.1" 200 1081
::1 - - [24/Mar/2019:13:54:07 -0600] "POST /action.php HTTP/1.1" 200 2113
::1 - - [24/Mar/2019:13:54:25 -0600] "GET /vehicle/New_Vehicle.html HTTP/1.1" 304 -
::1 - - [24/Mar/2019:13:54:29 -0600] "POST /action.php HTTP/1.1" 200 2113
::1 - - [24/Mar/2019:13:54:37 -0600] "POST /action.php HTTP/1.1" 200 2113
::1 - - [24/Mar/2019:13:54:50 -0600] "POST /action.php HTTP/1.1" 200 1081
::1 - - [24/Mar/2019:13:56:17 -0600] "POST /action.php HTTP/1.1" 200 1081
::1 - - [24/Mar/2019:13:56:21 -0600] "GET /vehicle/New_Vehicle.html HTTP/1.1" 304 -
::1 - - [24/Mar/2019:13:56:21 -0600] "GET /tableTest.php HTTP/1.1" 200 52
::1 - - [24/Mar/2019:13:56:28 -0600] "POST /action.php HTTP/1.1" 200 1081
::1 - - [24/Mar/2019:13:56:42 -0600] "POST /action.php HTTP/1.1" 200 1081
::1 - - [24/Mar/2019:13:56:54 -0600] "POST /action.php HTTP/1.1" 200 1081
::1 - - [24/Mar/2019:13:58:08 -0600] "POST /action.php HTTP/1.1" 200 1081
::1 - - [24/Mar/2019:14:01:36 -0600] "POST /action.php HTTP/1.1" 200 426
::1 - - [24/Mar/2019:14:05:37 -0600] "POST /mysql/tbl_row_action.php HTTP/1.1" 200 1930
::1 - - [24/Mar/2019:14:05:37 -0600] "GET /mysql/index.php?ajax_request=1&recent_table=1&token=36d4150c997257ce18f8cb25c31ec6f4&no_debug=true&_nocache=1553457937512381310 HTTP/1.1" 200 1383
::1 - - [24/Mar/2019:14:05:44 -0600] "POST /mysql/tbl_row_action.php HTTP/1.1" 200 6444
::1 - - [24/Mar/2019:14:05:44 -0600] "GET /mysql/index.php?ajax_request=1&recent_table=1&token=36d4150c997257ce18f8cb25c31ec6f4&no_debug=true&_nocache=1553457944772553126 HTTP/1.1" 200 1383
::1 - - [24/Mar/2019:14:05:51 -0600] "POST /mysql/tbl_row_action.php HTTP/1.1" 200 2094
::1 - - [24/Mar/2019:14:05:51 -0600] "GET /mysql/index.php?ajax_request=1&recent_table=1&token=36d4150c997257ce18f8cb25c31ec6f4&no_debug=true&_nocache=1553457951679852295 HTTP/1.1" 200 1383
::1 - - [24/Mar/2019:14:05:53 -0600] "POST /mysql/tbl_row_action.php HTTP/1.1" 200 2078
::1 - - [24/Mar/2019:14:05:53 -0600] "GET /mysql/index.php?ajax_request=1&recent_table=1&token=36d4150c997257ce18f8cb25c31ec6f4&no_debug=true&_nocache=1553457953949423966 HTTP/1.1" 200 1383
::1 - - [24/Mar/2019:14:05:57 -0600] "GET /mysql/tbl_structure.php?db=dealership&table=vehicle&token=36d4150c997257ce18f8cb25c31ec6f4&ajax_request=true&ajax_page_request=true&_nocache=155345795739255025 HTTP/1.1" 200 7111
::1 - - [24/Mar/2019:14:05:57 -0600] "GET /mysql/index.php?ajax_request=1&recent_table=1&token=36d4150c997257ce18f8cb25c31ec6f4&no_debug=true&_nocache=1553457957722279566 HTTP/1.1" 200 1383
::1 - - [24/Mar/2019:14:05:58 -0600] "GET /mysql/sql.php?db=dealership&table=vehicle&token=36d4150c997257ce18f8cb25c31ec6f4&pos=0&ajax_request=true&ajax_page_request=true&_nocache=1553457958153138029 HTTP/1.1" 200 4307
::1 - - [24/Mar/2019:14:05:58 -0600] "GET /mysql/index.php?ajax_request=1&recent_table=1&token=36d4150c997257ce18f8cb25c31ec6f4&no_debug=true&_nocache=1553457958397652285 HTTP/1.1" 200 1383
::1 - - [24/Mar/2019:14:06:16 -0600] "POST /action.php HTTP/1.1" 200 426
::1 - - [24/Mar/2019:14:06:44 -0600] "POST /action.php HTTP/1.1" 200 426
::1 - - [24/Mar/2019:14:06:46 -0600] "POST /action.php HTTP/1.1" 200 426
::1 - - [24/Mar/2019:14:06:48 -0600] "GET /mysql/sql.php?db=dealership&table=vehicle&token=36d4150c997257ce18f8cb25c31ec6f4&pos=0 HTTP/1.1" 200 10470
::1 - - [24/Mar/2019:14:06:49 -0600] "GET /mysql/favicon.ico HTTP/1.1" 200 22486
::1 - - [24/Mar/2019:14:06:49 -0600] "GET /mysql/index.php?ajax_request=1&recent_table=1&token=36d4150c997257ce18f8cb25c31ec6f4&no_debug=true&_nocache=1553458009239766567 HTTP/1.1" 200 1383
::1 - - [24/Mar/2019:14:06:49 -0600] "POST /mysql/navigation.php?ajax_request=1&token=36d4150c997257ce18f8cb25c31ec6f4 HTTP/1.1" 200 2432
::1 - - [24/Mar/2019:14:07:01 -0600] "POST /action.php HTTP/1.1" 200 1187
::1 - - [24/Mar/2019:14:07:13 -0600] "POST /action.php HTTP/1.1" 200 1187
::1 - - [24/Mar/2019:14:07:17 -0600] "POST /action.php HTTP/1.1" 200 1187
::1 - - [24/Mar/2019:14:07:23 -0600] "GET /mysql/sql.php?db=dealership&table=vehicle&token=36d4150c997257ce18f8cb25c31ec6f4&pos=0 HTTP/1.1" 200 10418
::1 - - [24/Mar/2019:14:07:23 -0600] "GET /mysql/favicon.ico HTTP/1.1" 200 22486
::1 - - [24/Mar/2019:14:07:23 -0600] "GET /mysql/index.php?ajax_request=1&recent_table=1&token=36d4150c997257ce18f8cb25c31ec6f4&no_debug=true&_nocache=1553458043893581961 HTTP/1.1" 200 1383
::1 - - [24/Mar/2019:14:07:23 -0600] "POST /mysql/navigation.php?ajax_request=1&token=36d4150c997257ce18f8cb25c31ec6f4 HTTP/1.1" 200 2432
::1 - - [24/Mar/2019:14:07:32 -0600] "POST /action.php HTTP/1.1" 200 1060
::1 - - [24/Mar/2019:14:07:36 -0600] "GET /mysql/sql.php?db=dealership&table=vehicle&token=36d4150c997257ce18f8cb25c31ec6f4&pos=0 HTTP/1.1" 200 12700
::1 - - [24/Mar/2019:14:07:37 -0600] "GET /mysql/themes/pmahomme/img/s_fulltext.png HTTP/1.1" 304 -
::1 - - [24/Mar/2019:14:07:37 -0600] "GET /mysql/themes/pmahomme/img/col_pointer.png HTTP/1.1" 304 -
::1 - - [24/Mar/2019:14:07:37 -0600] "GET /mysql/themes/pmahomme/img/col_drop.png HTTP/1.1" 304 -
::1 - - [24/Mar/2019:14:07:37 -0600] "GET /mysql/favicon.ico HTTP/1.1" 200 22486
::1 - - [24/Mar/2019:14:07:37 -0600] "GET /mysql/index.php?ajax_request=1&recent_table=1&token=36d4150c997257ce18f8cb25c31ec6f4&no_debug=true&_nocache=1553458057355156014 HTTP/1.1" 200 1383
::1 - - [24/Mar/2019:14:07:37 -0600] "POST /mysql/navigation.php?ajax_request=1&token=36d4150c997257ce18f8cb25c31ec6f4 HTTP/1.1" 200 2432
::1 - - [24/Mar/2019:14:07:43 -0600] "GET /mysql/sql.php?db=dealership&table=vehicle&sql_query=DELETE+FROM+%60vehicle%60+WHERE+%60vehicle%60.%60VIN%60+%3D+123456812&message_to_show=The+row+has+been+deleted.&goto=sql.php%3Fdb%3Ddealership%26table%3Dvehicle%26sql_query%3DSELECT%2B%252A%2BFROM%2B%2560vehicle%2560%26message_to_show%3DThe%2Brow%2Bhas%2Bbeen%2Bdeleted.%26goto%3Dtbl_sql.php%26token%3D36d4150c997257ce18f8cb25c31ec6f4&token=36d4150c997257ce18f8cb25c31ec6f4&ajax_request=true&ajax_page_request=true&_nocache=1553458063499990623 HTTP/1.1" 200 4148
::1 - - [24/Mar/2019:14:07:43 -0600] "GET /mysql/index.php?ajax_request=1&recent_table=1&token=36d4150c997257ce18f8cb25c31ec6f4&no_debug=true&_nocache=1553458063833201822 HTTP/1.1" 200 1383
::1 - - [24/Mar/2019:14:07:53 -0600] "GET /mysql/sql.php?server=1&db=dealership&table=vehicle&pos=0&token=36d4150c997257ce18f8cb25c31ec6f4&ajax_request=true&ajax_page_request=true&_nocache=1553458073414476026 HTTP/1.1" 200 4307
::1 - - [24/Mar/2019:14:07:53 -0600] "GET /mysql/index.php?ajax_request=1&recent_table=1&token=36d4150c997257ce18f8cb25c31ec6f4&no_debug=true&_nocache=155345807366760246 HTTP/1.1" 200 1383
::1 - - [24/Mar/2019:14:07:53 -0600] "POST /mysql/navigation.php?ajax_request=1&token=36d4150c997257ce18f8cb25c31ec6f4 HTTP/1.1" 200 2432
::1 - - [24/Mar/2019:14:08:02 -0600] "GET /mysql/sql.php?server=1&db=dealership&table=customer&pos=0&token=36d4150c997257ce18f8cb25c31ec6f4&ajax_request=true&ajax_page_request=true&_nocache=1553458082787741103 HTTP/1.1" 200 4307
::1 - - [24/Mar/2019:14:08:03 -0600] "GET /mysql/index.php?ajax_request=1&recent_table=1&token=36d4150c997257ce18f8cb25c31ec6f4&no_debug=true&_nocache=1553458083059404673 HTTP/1.1" 200 1397
::1 - - [24/Mar/2019:14:08:03 -0600] "POST /mysql/navigation.php?ajax_request=1&token=36d4150c997257ce18f8cb25c31ec6f4 HTTP/1.1" 200 2440
::1 - - [24/Mar/2019:14:08:03 -0600] "GET /mysql/sql.php?server=1&db=dealership&table=vehicle&pos=0&token=36d4150c997257ce18f8cb25c31ec6f4&ajax_request=true&ajax_page_request=true&_nocache=1553458083603117751 HTTP/1.1" 200 4307
::1 - - [24/Mar/2019:14:08:03 -0600] "POST /mysql/navigation.php?ajax_request=1&token=36d4150c997257ce18f8cb25c31ec6f4 HTTP/1.1" 200 2441
::1 - - [24/Mar/2019:14:08:03 -0600] "GET /mysql/index.php?ajax_request=1&recent_table=1&token=36d4150c997257ce18f8cb25c31ec6f4&no_debug=true&_nocache=1553458083903352937 HTTP/1.1" 200 1397
::1 - - [24/Mar/2019:14:08:04 -0600] "GET /mysql/tbl_structure.php?db=dealership&table=vehicle&token=36d4150c997257ce18f8cb25c31ec6f4&ajax_request=true&ajax_page_request=true&_nocache=1553458084947429423 HTTP/1.1" 200 7113
::1 - - [24/Mar/2019:14:08:05 -0600] "GET /mysql/index.php?ajax_request=1&recent_table=1&token=36d4150c997257ce18f8cb25c31ec6f4&no_debug=true&_nocache=1553458085193359415 HTTP/1.1" 200 1397
::1 - - [24/Mar/2019:14:08:25 -0600] "POST /action.php HTTP/1.1" 200 1060
::1 - - [24/Mar/2019:14:08:27 -0600] "GET /mysql/sql.php?db=dealership&table=vehicle&token=36d4150c997257ce18f8cb25c31ec6f4&pos=0&ajax_request=true&ajax_page_request=true&_nocache=1553458107651973449 HTTP/1.1" 200 6627
::1 - - [24/Mar/2019:14:08:27 -0600] "GET /mysql/index.php?ajax_request=1&recent_table=1&token=36d4150c997257ce18f8cb25c31ec6f4&no_debug=true&_nocache=1553458107960385142 HTTP/1.1" 200 1397
::1 - - [24/Mar/2019:14:08:30 -0600] "POST /mysql/tbl_row_action.php HTTP/1.1" 200 70
::1 - - [24/Mar/2019:14:08:34 -0600] "POST /mysql/tbl_row_action.php HTTP/1.1" 200 1905
::1 - - [24/Mar/2019:14:08:34 -0600] "GET /mysql/index.php?ajax_request=1&recent_table=1&token=36d4150c997257ce18f8cb25c31ec6f4&no_debug=true&_nocache=1553458114795965042 HTTP/1.1" 200 1397
::1 - - [24/Mar/2019:14:08:36 -0600] "POST /mysql/tbl_row_action.php HTTP/1.1" 200 2078
::1 - - [24/Mar/2019:14:08:36 -0600] "GET /mysql/index.php?ajax_request=1&recent_table=1&token=36d4150c997257ce18f8cb25c31ec6f4&no_debug=true&_nocache=1553458116553339916 HTTP/1.1" 200 1397
::1 - - [24/Mar/2019:14:08:38 -0600] "GET /mysql/sql.php?db=dealership&table=vehicle&token=36d4150c997257ce18f8cb25c31ec6f4&pos=0 HTTP/1.1" 200 10327
::1 - - [24/Mar/2019:14:08:39 -0600] "GET /mysql/themes/pmahomme/jquery/jquery-ui-1.11.2.css HTTP/1.1" 304 -
::1 - - [24/Mar/2019:14:08:39 -0600] "GET /mysql/js/codemirror/lib/codemirror.css?v=4.5.4.1 HTTP/1.1" 304 -
::1 - - [24/Mar/2019:14:08:39 -0600] "GET /mysql/js/codemirror/addon/hint/show-hint.css?v=4.5.4.1 HTTP/1.1" 304 -
::1 - - [24/Mar/2019:14:08:39 -0600] "GET /mysql/js/codemirror/addon/lint/lint.css?v=4.5.4.1 HTTP/1.1" 304 -
::1 - - [24/Mar/2019:14:08:39 -0600] "GET /mysql/themes/pmahomme/css/printview.css?v=4.5.4.1 HTTP/1.1" 304 -
::1 - - [24/Mar/2019:14:08:39 -0600] "GET /mysql/themes/dot.gif HTTP/1.1" 304 -
::1 - - [24/Mar/2019:14:08:39 -0600] "GET /mysql/themes/pmahomme/img/logo_left.png HTTP/1.1" 304 -
::1 - - [24/Mar/2019:14:08:39 -0600] "GET /mysql/themes/pmahomme/img/s_collapseall.png HTTP/1.1" 304 -
::1 - - [24/Mar/2019:14:08:39 -0600] "GET /mysql/themes/pmahomme/img/ajax_clock_small.gif HTTP/1.1" 304 -
::1 - - [24/Mar/2019:14:08:39 -0600] "GET /mysql/themes/pmahomme/img/left_nav_bg.png HTTP/1.1" 304 -
::1 - - [24/Mar/2019:14:08:39 -0600] "GET /mysql/themes/pmahomme/img/sprites.png?v=4.5.4.1 HTTP/1.1" 304 -
::1 - - [24/Mar/2019:14:08:39 -0600] "GET /mysql/favicon.ico HTTP/1.1" 200 22486
::1 - - [24/Mar/2019:14:08:39 -0600] "POST /mysql/navigation.php?ajax_request=1&token=36d4150c997257ce18f8cb25c31ec6f4 HTTP/1.1" 200 2441
::1 - - [24/Mar/2019:14:08:39 -0600] "GET /mysql/index.php?ajax_request=1&recent_table=1&token=36d4150c997257ce18f8cb25c31ec6f4&no_debug=true&_nocache=1553458119256327668 HTTP/1.1" 200 1397
::1 - - [24/Mar/2019:14:08:47 -0600] "GET /index.html HTTP/1.1" 200 906
::1 - - [24/Mar/2019:14:08:47 -0600] "GET /customer/Customer.html HTTP/1.1" 304 -
::1 - - [24/Mar/2019:14:08:48 -0600] "GET /vehicle/New_Vehicle.html HTTP/1.1" 200 780
::1 - - [24/Mar/2019:14:08:53 -0600] "POST /action.php HTTP/1.1" 200 48
::1 - - [24/Mar/2019:14:08:57 -0600] "GET /mysql/sql.php?db=dealership&table=vehicle&token=36d4150c997257ce18f8cb25c31ec6f4&pos=0 HTTP/1.1" 200 12586
::1 - - [24/Mar/2019:14:08:58 -0600] "GET /mysql/themes/pmahomme/img/arrow_ltr.png HTTP/1.1" 304 -
::1 - - [24/Mar/2019:14:08:58 -0600] "GET /mysql/favicon.ico HTTP/1.1" 200 22486
::1 - - [24/Mar/2019:14:08:58 -0600] "GET /mysql/index.php?ajax_request=1&recent_table=1&token=36d4150c997257ce18f8cb25c31ec6f4&no_debug=true&_nocache=1553458138389619377 HTTP/1.1" 200 1397
::1 - - [24/Mar/2019:14:08:58 -0600] "POST /mysql/navigation.php?ajax_request=1&token=36d4150c997257ce18f8cb25c31ec6f4 HTTP/1.1" 200 2441
::1 - - [24/Mar/2019:14:09:46 -0600] "POST /mysql/tbl_row_action.php HTTP/1.1" 200 1896
::1 - - [24/Mar/2019:14:09:46 -0600] "GET /mysql/index.php?ajax_request=1&recent_table=1&token=36d4150c997257ce18f8cb25c31ec6f4&no_debug=true&_nocache=1553458186903120475 HTTP/1.1" 200 1397
::1 - - [24/Mar/2019:14:09:50 -0600] "GET /vehicle/New_Vehicle.html HTTP/1.1" 304 -
::1 - - [24/Mar/2019:14:09:54 -0600] "POST /action.php HTTP/1.1" 200 149
::1 - - [24/Mar/2019:14:10:07 -0600] "GET /mysql/sql.php?db=dealership&table=vehicle&token=36d4150c997257ce18f8cb25c31ec6f4&pos=0 HTTP/1.1" 200 12574
::1 - - [24/Mar/2019:14:10:07 -0600] "GET /mysql/favicon.ico HTTP/1.1" 200 22486
::1 - - [24/Mar/2019:14:10:07 -0600] "POST /mysql/navigation.php?ajax_request=1&token=36d4150c997257ce18f8cb25c31ec6f4 HTTP/1.1" 200 2441
::1 - - [24/Mar/2019:14:10:07 -0600] "GET /mysql/index.php?ajax_request=1&recent_table=1&token=36d4150c997257ce18f8cb25c31ec6f4&no_debug=true&_nocache=1553458207660139168 HTTP/1.1" 200 1397
::1 - - [24/Mar/2019:14:10:12 -0600] "POST /mysql/tbl_row_action.php HTTP/1.1" 200 1896
::1 - - [24/Mar/2019:14:10:12 -0600] "GET /mysql/index.php?ajax_request=1&recent_table=1&token=36d4150c997257ce18f8cb25c31ec6f4&no_debug=true&_nocache=1553458212390752384 HTTP/1.1" 200 1397
::1 - - [24/Mar/2019:14:10:13 -0600] "POST /mysql/tbl_row_action.php HTTP/1.1" 200 2078
::1 - - [24/Mar/2019:14:10:13 -0600] "GET /mysql/index.php?ajax_request=1&recent_table=1&token=36d4150c997257ce18f8cb25c31ec6f4&no_debug=true&_nocache=1553458213621798746 HTTP/1.1" 200 1397
::1 - - [24/Mar/2019:14:10:14 -0600] "GET /mysql/sql.php?db=dealership&table=vehicle&token=36d4150c997257ce18f8cb25c31ec6f4&pos=0 HTTP/1.1" 200 10317
::1 - - [24/Mar/2019:14:10:15 -0600] "GET /mysql/favicon.ico HTTP/1.1" 200 22486
::1 - - [24/Mar/2019:14:10:15 -0600] "GET /mysql/index.php?ajax_request=1&recent_table=1&token=36d4150c997257ce18f8cb25c31ec6f4&no_debug=true&_nocache=1553458215201741298 HTTP/1.1" 200 1397
::1 - - [24/Mar/2019:14:10:15 -0600] "POST /mysql/navigation.php?ajax_request=1&token=36d4150c997257ce18f8cb25c31ec6f4 HTTP/1.1" 200 2441
::1 - - [24/Mar/2019:14:10:28 -0600] "POST /action.php HTTP/1.1" 200 154
::1 - - [24/Mar/2019:14:10:38 -0600] "GET /mysql/sql.php?db=dealership&table=vehicle&token=36d4150c997257ce18f8cb25c31ec6f4&pos=0 HTTP/1.1" 200 10318
::1 - - [24/Mar/2019:14:10:38 -0600] "GET /mysql/favicon.ico HTTP/1.1" 200 22486
::1 - - [24/Mar/2019:14:10:38 -0600] "GET /mysql/index.php?ajax_request=1&recent_table=1&token=36d4150c997257ce18f8cb25c31ec6f4&no_debug=true&_nocache=1553458238405485133 HTTP/1.1" 200 1397
::1 - - [24/Mar/2019:14:10:38 -0600] "POST /mysql/navigation.php?ajax_request=1&token=36d4150c997257ce18f8cb25c31ec6f4 HTTP/1.1" 200 2441
::1 - - [24/Mar/2019:14:11:25 -0600] "GET /mysql/sql.php?db=dealership&table=vehicle&token=36d4150c997257ce18f8cb25c31ec6f4&pos=0 HTTP/1.1" 200 10317
::1 - - [24/Mar/2019:14:11:26 -0600] "GET /mysql/favicon.ico HTTP/1.1" 200 22486
::1 - - [24/Mar/2019:14:11:26 -0600] "GET /mysql/index.php?ajax_request=1&recent_table=1&token=36d4150c997257ce18f8cb25c31ec6f4&no_debug=true&_nocache=1553458286262910687 HTTP/1.1" 200 1397
::1 - - [24/Mar/2019:14:11:26 -0600] "POST /mysql/navigation.php?ajax_request=1&token=36d4150c997257ce18f8cb25c31ec6f4 HTTP/1.1" 200 2441
::1 - - [24/Mar/2019:14:11:28 -0600] "GET /vehicle/New_Vehicle.html HTTP/1.1" 304 -
::1 - - [24/Mar/2019:14:11:33 -0600] "POST /action.php HTTP/1.1" 200 425
::1 - - [24/Mar/2019:14:11:46 -0600] "POST /action.php HTTP/1.1" 200 48
::1 - - [24/Mar/2019:14:11:49 -0600] "GET /mysql/sql.php?db=dealership&table=vehicle&token=36d4150c997257ce18f8cb25c31ec6f4&pos=0 HTTP/1.1" 200 12592
::1 - - [24/Mar/2019:14:11:50 -0600] "GET /mysql/favicon.ico HTTP/1.1" 200 22486
::1 - - [24/Mar/2019:14:11:50 -0600] "GET /mysql/index.php?ajax_request=1&recent_table=1&token=36d4150c997257ce18f8cb25c31ec6f4&no_debug=true&_nocache=1553458310368308743 HTTP/1.1" 200 1397
::1 - - [24/Mar/2019:14:11:50 -0600] "POST /mysql/navigation.php?ajax_request=1&token=36d4150c997257ce18f8cb25c31ec6f4 HTTP/1.1" 200 2441
::1 - - [24/Mar/2019:14:12:36 -0600] "GET /mysql/sql.php?db=dealership&table=vehicle&sql_query=DELETE+FROM+%60vehicle%60+WHERE+%60vehicle%60.%60VIN%60+%3D+1&message_to_show=The+row+has+been+deleted.&goto=sql.php%3Fdb%3Ddealership%26table%3Dvehicle%26sql_query%3DSELECT%2B%252A%2BFROM%2B%2560vehicle%2560%26message_to_show%3DThe%2Brow%2Bhas%2Bbeen%2Bdeleted.%26goto%3Dtbl_sql.php%26token%3D36d4150c997257ce18f8cb25c31ec6f4&token=36d4150c997257ce18f8cb25c31ec6f4&ajax_request=true&ajax_page_request=true&_nocache=1553458356124978869 HTTP/1.1" 200 4139
::1 - - [24/Mar/2019:14:12:36 -0600] "GET /mysql/index.php?ajax_request=1&recent_table=1&token=36d4150c997257ce18f8cb25c31ec6f4&no_debug=true&_nocache=1553458356461826921 HTTP/1.1" 200 1397
::1 - - [24/Mar/2019:14:12:38 -0600] "GET /mysql/sql.php?db=dealership&table=vehicle&server=1&target=&token=36d4150c997257ce18f8cb25c31ec6f4&ajax_request=true&ajax_page_request=true&_nocache=15534583585902065 HTTP/1.1" 200 4307
::1 - - [24/Mar/2019:14:12:38 -0600] "GET /mysql/index.php?ajax_request=1&recent_table=1&token=36d4150c997257ce18f8cb25c31ec6f4&no_debug=true&_nocache=1553458358814783270 HTTP/1.1" 200 1397
::1 - - [24/Mar/2019:14:12:38 -0600] "POST /mysql/navigation.php?ajax_request=1&token=36d4150c997257ce18f8cb25c31ec6f4 HTTP/1.1" 200 2441
::1 - - [24/Mar/2019:14:12:40 -0600] "GET /mysql/sql.php?db=dealership&table=vehicle&token=36d4150c997257ce18f8cb25c31ec6f4&pos=0 HTTP/1.1" 200 10325
::1 - - [24/Mar/2019:14:12:41 -0600] "GET /mysql/favicon.ico HTTP/1.1" 200 22486
::1 - - [24/Mar/2019:14:12:41 -0600] "POST /mysql/navigation.php?ajax_request=1&token=36d4150c997257ce18f8cb25c31ec6f4 HTTP/1.1" 200 2441
::1 - - [24/Mar/2019:14:12:41 -0600] "GET /mysql/index.php?ajax_request=1&recent_table=1&token=36d4150c997257ce18f8cb25c31ec6f4&no_debug=true&_nocache=1553458361141724595 HTTP/1.1" 200 1397
::1 - - [24/Mar/2019:14:12:44 -0600] "GET /vehicle/New_Vehicle.html HTTP/1.1" 304 -
::1 - - [24/Mar/2019:14:12:48 -0600] "POST /action.php HTTP/1.1" 200 48
::1 - - [24/Mar/2019:14:12:51 -0600] "GET /mysql/sql.php?db=dealership&table=vehicle&token=36d4150c997257ce18f8cb25c31ec6f4&pos=0 HTTP/1.1" 200 12574
::1 - - [24/Mar/2019:14:12:51 -0600] "GET /mysql/favicon.ico HTTP/1.1" 200 22486
::1 - - [24/Mar/2019:14:12:51 -0600] "POST /mysql/navigation.php?ajax_request=1&token=36d4150c997257ce18f8cb25c31ec6f4 HTTP/1.1" 200 2441
::1 - - [24/Mar/2019:14:12:51 -0600] "GET /mysql/index.php?ajax_request=1&recent_table=1&token=36d4150c997257ce18f8cb25c31ec6f4&no_debug=true&_nocache=1553458371701601385 HTTP/1.1" 200 1397
::1 - - [24/Mar/2019:14:13:41 -0600] "POST /action.php HTTP/1.1" 200 149
::1 - - [24/Mar/2019:14:13:46 -0600] "GET /vehicle/New_Vehicle.html HTTP/1.1" 304 -
::1 - - [24/Mar/2019:14:13:52 -0600] "POST /action.php HTTP/1.1" 200 48
::1 - - [24/Mar/2019:14:13:53 -0600] "GET /mysql/sql.php?db=dealership&table=vehicle&token=36d4150c997257ce18f8cb25c31ec6f4&pos=0 HTTP/1.1" 200 12947
::1 - - [24/Mar/2019:14:13:54 -0600] "GET /mysql/favicon.ico HTTP/1.1" 200 22486
::1 - - [24/Mar/2019:14:13:54 -0600] "GET /mysql/index.php?ajax_request=1&recent_table=1&token=36d4150c997257ce18f8cb25c31ec6f4&no_debug=true&_nocache=1553458434234446958 HTTP/1.1" 200 1397
::1 - - [24/Mar/2019:14:13:54 -0600] "POST /mysql/navigation.php?ajax_request=1&token=36d4150c997257ce18f8cb25c31ec6f4 HTTP/1.1" 200 2441
