2019-03-24T16:26:32.496149Z 0 [Warning] TIMESTAMP with implicit DEFAULT value is deprecated. Please use --explicit_defaults_for_timestamp server option (see documentation for more details).
2019-03-24T16:26:32.496149Z 0 [Warning] 'NO_ZERO_DATE', 'NO_ZERO_IN_DATE' and 'ERROR_FOR_DIVISION_BY_ZERO' sql modes should be used with strict mode. They will be merged with strict mode in a future release.
2019-03-24T16:26:32.496149Z 0 [Warning] 'NO_AUTO_CREATE_USER' sql mode was not set.
2019-03-24T16:26:32.496149Z 0 [Warning] Insecure configuration for --secure-file-priv: Current value does not restrict location of generated files. Consider setting it to a valid, non-empty path.
2019-03-24T16:26:32.496149Z 0 [ERROR] Cannot open Windows EventLog; check privileges, or start server with --log_syslog=0
2019-03-24T16:26:32.496149Z 0 [Note] D:\rpaulhus\UwAmp\bin\database\mysql-5.7.11\bin\mysqld.exe (mysqld 5.7.11) starting as process 9128 ...
2019-03-24T16:26:32.509184Z 0 [ERROR] Can't open shared library 'D:\rpaulhus\UwAmp\bin\database\mysql-5.7.11\lib\plugin\keyring_file.dll' (errno: 126 The specified module could not be found.)
2019-03-24T16:26:32.510186Z 0 [ERROR] Couldn't load plugin named 'keyring_file' with soname 'keyring_file.dll'.
2019-03-24T16:26:32.512193Z 0 [Note] InnoDB: Mutexes and rw_locks use Windows interlocked functions
2019-03-24T16:26:32.512193Z 0 [Note] InnoDB: Uses event mutexes
2019-03-24T16:26:32.513195Z 0 [Note] InnoDB: Memory barrier is not used
2019-03-24T16:26:32.513195Z 0 [Note] InnoDB: Compressed tables use zlib 1.2.3
2019-03-24T16:26:32.514198Z 0 [Note] InnoDB: Number of pools: 1
2019-03-24T16:26:32.514198Z 0 [Note] InnoDB: Not using CPU crc32 instructions
2019-03-24T16:26:32.561325Z 0 [Note] InnoDB: Initializing buffer pool, total size = 128M, instances = 1, chunk size = 128M
2019-03-24T16:26:32.567341Z 0 [Note] InnoDB: Completed initialization of buffer pool
2019-03-24T16:26:32.605440Z 0 [Note] InnoDB: Setting log file .\ib_logfile101 size to 48 MB
2019-03-24T16:26:32.919279Z 0 [Note] InnoDB: Setting log file .\ib_logfile1 size to 48 MB
2019-03-24T16:26:33.516862Z 0 [Note] InnoDB: Renaming log file .\ib_logfile101 to .\ib_logfile0
2019-03-24T16:26:33.519870Z 0 [Warning] InnoDB: New log files created, LSN=2602779
2019-03-24T16:26:33.521876Z 0 [Note] InnoDB: Highest supported file format is Barracuda.
2019-03-24T16:26:33.527892Z 0 [Note] InnoDB: Log scan progressed past the checkpoint lsn 2603020
2019-03-24T16:26:33.528895Z 0 [Note] InnoDB: Doing recovery: scanned up to log sequence number 2603029
2019-03-24T16:26:33.532906Z 0 [Note] InnoDB: Doing recovery: scanned up to log sequence number 2603029
2019-03-24T16:26:33.533908Z 0 [Note] InnoDB: Database was not shutdown normally!
2019-03-24T16:26:33.534911Z 0 [Note] InnoDB: Starting crash recovery.
2019-03-24T16:26:33.861781Z 0 [Note] InnoDB: Creating shared tablespace for temporary tables
2019-03-24T16:26:33.861781Z 0 [Note] InnoDB: Setting file '.\ibtmp1' size to 12 MB. Physically writing the file full; Please wait ...
2019-03-24T16:26:33.976085Z 0 [Note] InnoDB: File '.\ibtmp1' size is now 12 MB.
2019-03-24T16:26:34.000149Z 0 [Note] InnoDB: 96 redo rollback segment(s) found. 96 redo rollback segment(s) are active.
2019-03-24T16:26:34.001151Z 0 [Note] InnoDB: 32 non-redo rollback segment(s) are active.
2019-03-24T16:26:34.003157Z 0 [Note] InnoDB: Waiting for purge to start
2019-03-24T16:26:34.065322Z 0 [Note] InnoDB: 5.7.11 started; log sequence number 2603029
2019-03-24T16:26:34.066325Z 0 [Note] InnoDB: Loading buffer pool(s) from D:\rpaulhus\UwAmp\bin\database\mysql-5.7.11\data\ib_buffer_pool
2019-03-24T16:26:34.067328Z 0 [Note] Plugin 'FEDERATED' is disabled.
2019-03-24T16:26:34.169600Z 0 [Warning] Failed to set up SSL because of the following SSL library error: SSL context is not usable without certificate and private key
2019-03-24T16:26:34.178623Z 0 [Note] Server hostname (bind-address): '*'; port: 3306
2019-03-24T16:26:34.180628Z 0 [Note] IPv6 is available.
2019-03-24T16:26:34.182632Z 0 [Note]   - '::' resolves to '::';
2019-03-24T16:26:34.183634Z 0 [Note] Server socket created on IP: '::'.
2019-03-24T16:26:34.269864Z 0 [Note] InnoDB: Buffer pool(s) load completed at 190324 10:26:34
2019-03-24T16:26:34.274877Z 0 [Note] Event Scheduler: Loaded 0 events
2019-03-24T16:26:34.275879Z 0 [Note] D:\rpaulhus\UwAmp\bin\database\mysql-5.7.11\bin\mysqld.exe: ready for connections.
Version: '5.7.11'  socket: ''  port: 3306  MySQL Community Server (GPL)
2019-03-24T16:27:58.065621Z 7 [Note] Access denied for user 'root'@'localhost' (using password: NO)
2019-03-24T16:31:05.492560Z 0 [Note] D:\rpaulhus\UwAmp\bin\database\mysql-5.7.11\bin\mysqld.exe: Normal shutdown

2019-03-24T16:31:05.493562Z 0 [Note] Giving 0 client threads a chance to die gracefully
2019-03-24T16:31:05.493562Z 0 [Note] Shutting down slave threads
2019-03-24T16:31:05.494564Z 0 [Note] Forcefully disconnecting 0 remaining clients
2019-03-24T16:31:05.494564Z 0 [Note] Event Scheduler: Purging the queue. 0 events
2019-03-24T16:31:05.495566Z 0 [Note] Binlog end
2019-03-24T16:31:05.496568Z 0 [Note] Shutting down plugin 'ngram'
2019-03-24T16:31:05.497571Z 0 [Note] Shutting down plugin 'partition'
2019-03-24T16:31:05.497571Z 0 [Note] Shutting down plugin 'BLACKHOLE'
2019-03-24T16:31:05.498573Z 0 [Note] Shutting down plugin 'ARCHIVE'
2019-03-24T16:31:05.498573Z 0 [Note] Shutting down plugin 'PERFORMANCE_SCHEMA'
2019-03-24T16:31:05.499578Z 0 [Note] Shutting down plugin 'MRG_MYISAM'
2019-03-24T16:31:05.499578Z 0 [Note] Shutting down plugin 'MyISAM'
2019-03-24T16:31:05.499578Z 0 [Note] Shutting down plugin 'INNODB_SYS_VIRTUAL'
2019-03-24T16:31:05.500580Z 0 [Note] Shutting down plugin 'INNODB_SYS_DATAFILES'
2019-03-24T16:31:05.500580Z 0 [Note] Shutting down plugin 'INNODB_SYS_TABLESPACES'
2019-03-24T16:31:05.500580Z 0 [Note] Shutting down plugin 'INNODB_SYS_FOREIGN_COLS'
2019-03-24T16:31:05.501582Z 0 [Note] Shutting down plugin 'INNODB_SYS_FOREIGN'
2019-03-24T16:31:05.501582Z 0 [Note] Shutting down plugin 'INNODB_SYS_FIELDS'
2019-03-24T16:31:05.502585Z 0 [Note] Shutting down plugin 'INNODB_SYS_COLUMNS'
2019-03-24T16:31:05.502585Z 0 [Note] Shutting down plugin 'INNODB_SYS_INDEXES'
2019-03-24T16:31:05.502585Z 0 [Note] Shutting down plugin 'INNODB_SYS_TABLESTATS'
2019-03-24T16:31:05.503588Z 0 [Note] Shutting down plugin 'INNODB_SYS_TABLES'
2019-03-24T16:31:05.503588Z 0 [Note] Shutting down plugin 'INNODB_FT_INDEX_TABLE'
2019-03-24T16:31:05.504591Z 0 [Note] Shutting down plugin 'INNODB_FT_INDEX_CACHE'
2019-03-24T16:31:05.504591Z 0 [Note] Shutting down plugin 'INNODB_FT_CONFIG'
2019-03-24T16:31:05.504591Z 0 [Note] Shutting down plugin 'INNODB_FT_BEING_DELETED'
2019-03-24T16:31:05.505593Z 0 [Note] Shutting down plugin 'INNODB_FT_DELETED'
2019-03-24T16:31:05.505593Z 0 [Note] Shutting down plugin 'INNODB_FT_DEFAULT_STOPWORD'
2019-03-24T16:31:05.506596Z 0 [Note] Shutting down plugin 'INNODB_METRICS'
2019-03-24T16:31:05.506596Z 0 [Note] Shutting down plugin 'INNODB_TEMP_TABLE_INFO'
2019-03-24T16:31:05.506596Z 0 [Note] Shutting down plugin 'INNODB_BUFFER_POOL_STATS'
2019-03-24T16:31:05.507599Z 0 [Note] Shutting down plugin 'INNODB_BUFFER_PAGE_LRU'
2019-03-24T16:31:05.507599Z 0 [Note] Shutting down plugin 'INNODB_BUFFER_PAGE'
2019-03-24T16:31:05.508601Z 0 [Note] Shutting down plugin 'INNODB_CMP_PER_INDEX_RESET'
2019-03-24T16:31:05.508601Z 0 [Note] Shutting down plugin 'INNODB_CMP_PER_INDEX'
2019-03-24T16:31:05.508601Z 0 [Note] Shutting down plugin 'INNODB_CMPMEM_RESET'
2019-03-24T16:31:05.509604Z 0 [Note] Shutting down plugin 'INNODB_CMPMEM'
2019-03-24T16:31:05.509604Z 0 [Note] Shutting down plugin 'INNODB_CMP_RESET'
2019-03-24T16:31:05.510607Z 0 [Note] Shutting down plugin 'INNODB_CMP'
2019-03-24T16:31:05.510607Z 0 [Note] Shutting down plugin 'INNODB_LOCK_WAITS'
2019-03-24T16:31:05.510607Z 0 [Note] Shutting down plugin 'INNODB_LOCKS'
2019-03-24T16:31:05.511609Z 0 [Note] Shutting down plugin 'INNODB_TRX'
2019-03-24T16:31:05.511609Z 0 [Note] Shutting down plugin 'InnoDB'
2019-03-24T16:31:05.511609Z 0 [Note] InnoDB: FTS optimize thread exiting.
2019-03-24T16:31:05.512611Z 0 [Note] InnoDB: Starting shutdown...
2019-03-24T16:31:05.613884Z 0 [Note] InnoDB: Dumping buffer pool(s) to D:\rpaulhus\UwAmp\bin\database\mysql-5.7.11\data\ib_buffer_pool
2019-03-24T16:31:05.623911Z 0 [Note] InnoDB: Buffer pool(s) dump completed at 190324 10:31:05
2019-03-24T16:31:06.800594Z 0 [Note] InnoDB: Shutdown completed; log sequence number 2603475
2019-03-24T16:31:06.801597Z 0 [Note] InnoDB: Removed temporary tablespace data file: "ibtmp1"
2019-03-24T16:31:06.802098Z 0 [Note] Shutting down plugin 'MEMORY'
2019-03-24T16:31:06.802599Z 0 [Note] Shutting down plugin 'CSV'
2019-03-24T16:31:06.803101Z 0 [Note] Shutting down plugin 'sha256_password'
2019-03-24T16:31:06.803602Z 0 [Note] Shutting down plugin 'mysql_native_password'
2019-03-24T16:31:06.804104Z 0 [Note] Shutting down plugin 'binlog'
2019-03-24T16:31:06.805106Z 0 [Note] D:\rpaulhus\UwAmp\bin\database\mysql-5.7.11\bin\mysqld.exe: Shutdown complete

2019-03-24T16:31:10.335080Z 0 [Warning] TIMESTAMP with implicit DEFAULT value is deprecated. Please use --explicit_defaults_for_timestamp server option (see documentation for more details).
2019-03-24T16:31:10.335080Z 0 [Warning] 'NO_ZERO_DATE', 'NO_ZERO_IN_DATE' and 'ERROR_FOR_DIVISION_BY_ZERO' sql modes should be used with strict mode. They will be merged with strict mode in a future release.
2019-03-24T16:31:10.335080Z 0 [Warning] 'NO_AUTO_CREATE_USER' sql mode was not set.
2019-03-24T16:31:10.335080Z 0 [Warning] Insecure configuration for --secure-file-priv: Current value does not restrict location of generated files. Consider setting it to a valid, non-empty path.
2019-03-24T16:31:10.336082Z 0 [ERROR] Cannot open Windows EventLog; check privileges, or start server with --log_syslog=0
2019-03-24T16:31:10.336082Z 0 [Note] D:\rpaulhus\UwAmp\bin\database\mysql-5.7.11\bin\mysqld.exe (mysqld 5.7.11) starting as process 8756 ...
2019-03-24T16:31:10.357140Z 0 [ERROR] Can't open shared library 'D:\rpaulhus\UwAmp\bin\database\mysql-5.7.11\lib\plugin\keyring_file.dll' (errno: 126 The specified module could not be found.)
2019-03-24T16:31:10.359146Z 0 [ERROR] Couldn't load plugin named 'keyring_file' with soname 'keyring_file.dll'.
2019-03-24T16:31:10.360149Z 0 [Note] InnoDB: Mutexes and rw_locks use Windows interlocked functions
2019-03-24T16:31:10.361150Z 0 [Note] InnoDB: Uses event mutexes
2019-03-24T16:31:10.361150Z 0 [Note] InnoDB: Memory barrier is not used
2019-03-24T16:31:10.362153Z 0 [Note] InnoDB: Compressed tables use zlib 1.2.3
2019-03-24T16:31:10.363156Z 0 [Note] InnoDB: Number of pools: 1
2019-03-24T16:31:10.363156Z 0 [Note] InnoDB: Not using CPU crc32 instructions
2019-03-24T16:31:10.407275Z 0 [Note] InnoDB: Initializing buffer pool, total size = 128M, instances = 1, chunk size = 128M
2019-03-24T16:31:10.413291Z 0 [Note] InnoDB: Completed initialization of buffer pool
2019-03-24T16:31:10.451393Z 0 [Note] InnoDB: Highest supported file format is Barracuda.
2019-03-24T16:31:10.824689Z 0 [Note] InnoDB: Creating shared tablespace for temporary tables
2019-03-24T16:31:10.825692Z 0 [Note] InnoDB: Setting file '.\ibtmp1' size to 12 MB. Physically writing the file full; Please wait ...
2019-03-24T16:31:10.926965Z 0 [Note] InnoDB: File '.\ibtmp1' size is now 12 MB.
2019-03-24T16:31:10.946015Z 0 [Note] InnoDB: 96 redo rollback segment(s) found. 96 redo rollback segment(s) are active.
2019-03-24T16:31:10.947018Z 0 [Note] InnoDB: 32 non-redo rollback segment(s) are active.
2019-03-24T16:31:10.948020Z 0 [Note] InnoDB: Waiting for purge to start
2019-03-24T16:31:10.999159Z 0 [Note] InnoDB: 5.7.11 started; log sequence number 2603475
2019-03-24T16:31:11.001165Z 0 [Note] InnoDB: Loading buffer pool(s) from D:\rpaulhus\UwAmp\bin\database\mysql-5.7.11\data\ib_buffer_pool
2019-03-24T16:31:11.001165Z 0 [Note] Plugin 'FEDERATED' is disabled.
2019-03-24T16:31:11.017208Z 0 [Warning] Failed to set up SSL because of the following SSL library error: SSL context is not usable without certificate and private key
2019-03-24T16:31:11.024227Z 0 [Note] Server hostname (bind-address): '*'; port: 3306
2019-03-24T16:31:11.026232Z 0 [Note] IPv6 is available.
2019-03-24T16:31:11.026232Z 0 [Note]   - '::' resolves to '::';
2019-03-24T16:31:11.027235Z 0 [Note] Server socket created on IP: '::'.
2019-03-24T16:31:11.072356Z 0 [Note] InnoDB: Buffer pool(s) load completed at 190324 10:31:11
2019-03-24T16:31:11.091406Z 0 [Note] Event Scheduler: Loaded 0 events
2019-03-24T16:31:11.092409Z 0 [Note] D:\rpaulhus\UwAmp\bin\database\mysql-5.7.11\bin\mysqld.exe: ready for connections.
Version: '5.7.11'  socket: ''  port: 3306  MySQL Community Server (GPL)
2019-03-24T16:34:01.848183Z 6 [Note] Access denied for user 'root'@'localhost' (using password: NO)
2019-03-24T17:44:30.704694Z 0 [Note] D:\rpaulhus\UwAmp\bin\database\mysql-5.7.11\bin\mysqld.exe: Normal shutdown

2019-03-24T17:44:30.706698Z 0 [Note] Giving 0 client threads a chance to die gracefully
2019-03-24T17:44:30.707702Z 0 [Note] Shutting down slave threads
2019-03-24T17:44:30.707702Z 0 [Note] Forcefully disconnecting 0 remaining clients
2019-03-24T17:44:30.708705Z 0 [Note] Event Scheduler: Purging the queue. 0 events
2019-03-24T17:44:30.709707Z 0 [Note] Binlog end
2019-03-24T17:44:30.710710Z 0 [Note] Shutting down plugin 'ngram'
2019-03-24T17:44:30.710710Z 0 [Note] Shutting down plugin 'partition'
2019-03-24T17:44:30.710710Z 0 [Note] Shutting down plugin 'BLACKHOLE'
2019-03-24T17:44:30.711712Z 0 [Note] Shutting down plugin 'ARCHIVE'
2019-03-24T17:44:30.711712Z 0 [Note] Shutting down plugin 'PERFORMANCE_SCHEMA'
2019-03-24T17:44:30.712715Z 0 [Note] Shutting down plugin 'MRG_MYISAM'
2019-03-24T17:44:30.712715Z 0 [Note] Shutting down plugin 'MyISAM'
2019-03-24T17:44:30.712715Z 0 [Note] Shutting down plugin 'INNODB_SYS_VIRTUAL'
2019-03-24T17:44:30.713717Z 0 [Note] Shutting down plugin 'INNODB_SYS_DATAFILES'
2019-03-24T17:44:30.713717Z 0 [Note] Shutting down plugin 'INNODB_SYS_TABLESPACES'
2019-03-24T17:44:30.713717Z 0 [Note] Shutting down plugin 'INNODB_SYS_FOREIGN_COLS'
2019-03-24T17:44:30.714720Z 0 [Note] Shutting down plugin 'INNODB_SYS_FOREIGN'
2019-03-24T17:44:30.714720Z 0 [Note] Shutting down plugin 'INNODB_SYS_FIELDS'
2019-03-24T17:44:30.715723Z 0 [Note] Shutting down plugin 'INNODB_SYS_COLUMNS'
2019-03-24T17:44:30.715723Z 0 [Note] Shutting down plugin 'INNODB_SYS_INDEXES'
2019-03-24T17:44:30.715723Z 0 [Note] Shutting down plugin 'INNODB_SYS_TABLESTATS'
2019-03-24T17:44:30.716725Z 0 [Note] Shutting down plugin 'INNODB_SYS_TABLES'
2019-03-24T17:44:30.716725Z 0 [Note] Shutting down plugin 'INNODB_FT_INDEX_TABLE'
2019-03-24T17:44:30.716725Z 0 [Note] Shutting down plugin 'INNODB_FT_INDEX_CACHE'
2019-03-24T17:44:30.717728Z 0 [Note] Shutting down plugin 'INNODB_FT_CONFIG'
2019-03-24T17:44:30.717728Z 0 [Note] Shutting down plugin 'INNODB_FT_BEING_DELETED'
2019-03-24T17:44:30.718732Z 0 [Note] Shutting down plugin 'INNODB_FT_DELETED'
2019-03-24T17:44:30.718732Z 0 [Note] Shutting down plugin 'INNODB_FT_DEFAULT_STOPWORD'
2019-03-24T17:44:30.718732Z 0 [Note] Shutting down plugin 'INNODB_METRICS'
2019-03-24T17:44:30.719734Z 0 [Note] Shutting down plugin 'INNODB_TEMP_TABLE_INFO'
2019-03-24T17:44:30.719734Z 0 [Note] Shutting down plugin 'INNODB_BUFFER_POOL_STATS'
2019-03-24T17:44:30.720736Z 0 [Note] Shutting down plugin 'INNODB_BUFFER_PAGE_LRU'
2019-03-24T17:44:30.720736Z 0 [Note] Shutting down plugin 'INNODB_BUFFER_PAGE'
2019-03-24T17:44:30.720736Z 0 [Note] Shutting down plugin 'INNODB_CMP_PER_INDEX_RESET'
2019-03-24T17:44:30.721739Z 0 [Note] Shutting down plugin 'INNODB_CMP_PER_INDEX'
2019-03-24T17:44:30.721739Z 0 [Note] Shutting down plugin 'INNODB_CMPMEM_RESET'
2019-03-24T17:44:30.722741Z 0 [Note] Shutting down plugin 'INNODB_CMPMEM'
2019-03-24T17:44:30.722741Z 0 [Note] Shutting down plugin 'INNODB_CMP_RESET'
2019-03-24T17:44:30.722741Z 0 [Note] Shutting down plugin 'INNODB_CMP'
2019-03-24T17:44:30.723744Z 0 [Note] Shutting down plugin 'INNODB_LOCK_WAITS'
2019-03-24T17:44:30.723744Z 0 [Note] Shutting down plugin 'INNODB_LOCKS'
2019-03-24T17:44:30.723744Z 0 [Note] Shutting down plugin 'INNODB_TRX'
2019-03-24T17:44:30.724747Z 0 [Note] Shutting down plugin 'InnoDB'
2019-03-24T17:44:30.724747Z 0 [Note] InnoDB: FTS optimize thread exiting.
2019-03-24T17:44:30.725749Z 0 [Note] InnoDB: Starting shutdown...
2019-03-24T17:44:30.826303Z 0 [Note] InnoDB: Dumping buffer pool(s) to D:\rpaulhus\UwAmp\bin\database\mysql-5.7.11\data\ib_buffer_pool
2019-03-24T17:44:30.837333Z 0 [Note] InnoDB: Buffer pool(s) dump completed at 190324 11:44:30
2019-03-24T17:44:31.516726Z 0 [Note] InnoDB: Shutdown completed; log sequence number 2632617
2019-03-24T17:44:31.518728Z 0 [Note] InnoDB: Removed temporary tablespace data file: "ibtmp1"
2019-03-24T17:44:31.519731Z 0 [Note] Shutting down plugin 'MEMORY'
2019-03-24T17:44:31.520736Z 0 [Note] Shutting down plugin 'CSV'
2019-03-24T17:44:31.522081Z 0 [Note] Shutting down plugin 'sha256_password'
2019-03-24T17:44:31.522742Z 0 [Note] Shutting down plugin 'mysql_native_password'
2019-03-24T17:44:31.524747Z 0 [Note] Shutting down plugin 'binlog'
2019-03-24T17:44:31.533769Z 0 [Note] D:\rpaulhus\UwAmp\bin\database\mysql-5.7.11\bin\mysqld.exe: Shutdown complete

2019-03-24T18:00:27.744017Z 0 [Warning] TIMESTAMP with implicit DEFAULT value is deprecated. Please use --explicit_defaults_for_timestamp server option (see documentation for more details).
2019-03-24T18:00:27.744017Z 0 [Warning] 'NO_ZERO_DATE', 'NO_ZERO_IN_DATE' and 'ERROR_FOR_DIVISION_BY_ZERO' sql modes should be used with strict mode. They will be merged with strict mode in a future release.
2019-03-24T18:00:27.744017Z 0 [Warning] 'NO_AUTO_CREATE_USER' sql mode was not set.
2019-03-24T18:00:27.744017Z 0 [Warning] Insecure configuration for --secure-file-priv: Current value does not restrict location of generated files. Consider setting it to a valid, non-empty path.
2019-03-24T18:00:27.744017Z 0 [ERROR] Cannot open Windows EventLog; check privileges, or start server with --log_syslog=0
2019-03-24T18:00:27.744017Z 0 [Note] D:\rpaulhus\Database-Group_project_RRRT\UwAmp\bin\database\mysql-5.7.11\bin\mysqld.exe (mysqld 5.7.11) starting as process 4272 ...
2019-03-24T18:00:27.767078Z 0 [ERROR] Can't open shared library 'D:\rpaulhus\Database-Group_project_RRRT\UwAmp\bin\database\mysql-5.7.11\lib\plugin\keyring_file.dll' (errno: 126 The specified module could not be found.)
2019-03-24T18:00:27.768080Z 0 [ERROR] Couldn't load plugin named 'keyring_file' with soname 'keyring_file.dll'.
2019-03-24T18:00:27.769082Z 0 [Note] InnoDB: Mutexes and rw_locks use Windows interlocked functions
2019-03-24T18:00:27.770086Z 0 [Note] InnoDB: Uses event mutexes
2019-03-24T18:00:27.770086Z 0 [Note] InnoDB: Memory barrier is not used
2019-03-24T18:00:27.771089Z 0 [Note] InnoDB: Compressed tables use zlib 1.2.3
2019-03-24T18:00:27.772091Z 0 [Note] InnoDB: Number of pools: 1
2019-03-24T18:00:27.772091Z 0 [Note] InnoDB: Not using CPU crc32 instructions
2019-03-24T18:00:27.825234Z 0 [Note] InnoDB: Initializing buffer pool, total size = 128M, instances = 1, chunk size = 128M
2019-03-24T18:00:27.831250Z 0 [Note] InnoDB: Completed initialization of buffer pool
2019-03-24T18:00:27.923292Z 0 [Note] InnoDB: Highest supported file format is Barracuda.
2019-03-24T18:00:28.284496Z 0 [Note] InnoDB: Creating shared tablespace for temporary tables
2019-03-24T18:00:28.285499Z 0 [Note] InnoDB: Setting file '.\ibtmp1' size to 12 MB. Physically writing the file full; Please wait ...
2019-03-24T18:00:28.387775Z 0 [Note] InnoDB: File '.\ibtmp1' size is now 12 MB.
2019-03-24T18:00:28.409832Z 0 [Note] InnoDB: 96 redo rollback segment(s) found. 96 redo rollback segment(s) are active.
2019-03-24T18:00:28.410834Z 0 [Note] InnoDB: 32 non-redo rollback segment(s) are active.
2019-03-24T18:00:28.412839Z 0 [Note] InnoDB: Waiting for purge to start
2019-03-24T18:00:28.464981Z 0 [Note] InnoDB: 5.7.11 started; log sequence number 2632617
2019-03-24T18:00:28.465983Z 0 [Note] Plugin 'FEDERATED' is disabled.
2019-03-24T18:00:28.465983Z 0 [Note] InnoDB: Loading buffer pool(s) from D:\rpaulhus\Database-Group_project_RRRT\UwAmp\bin\database\mysql-5.7.11\data\ib_buffer_pool
2019-03-24T18:00:28.493057Z 0 [Warning] Failed to set up SSL because of the following SSL library error: SSL context is not usable without certificate and private key
2019-03-24T18:00:28.500072Z 0 [Note] Server hostname (bind-address): '*'; port: 3306
2019-03-24T18:00:28.501075Z 0 [Note] IPv6 is available.
2019-03-24T18:00:28.502077Z 0 [Note]   - '::' resolves to '::';
2019-03-24T18:00:28.503080Z 0 [Note] Server socket created on IP: '::'.
2019-03-24T18:00:28.504083Z 0 [Note] InnoDB: Buffer pool(s) load completed at 190324 12:00:28
2019-03-24T18:00:29.130758Z 0 [Note] Event Scheduler: Loaded 0 events
2019-03-24T18:00:29.131760Z 0 [Note] D:\rpaulhus\Database-Group_project_RRRT\UwAmp\bin\database\mysql-5.7.11\bin\mysqld.exe: ready for connections.
Version: '5.7.11'  socket: ''  port: 3306  MySQL Community Server (GPL)
2019-03-24T18:54:31.622969Z 48 [Note] Access denied for user 'root'@'localhost' (using password: NO)
2019-03-24T20:15:12.089222Z 0 [Note] D:\rpaulhus\Database-Group_project_RRRT\UwAmp\bin\database\mysql-5.7.11\bin\mysqld.exe: Normal shutdown

2019-03-24T20:15:12.090225Z 0 [Note] Giving 0 client threads a chance to die gracefully
2019-03-24T20:15:12.091227Z 0 [Note] Shutting down slave threads
2019-03-24T20:15:12.091227Z 0 [Note] Forcefully disconnecting 0 remaining clients
2019-03-24T20:15:12.092230Z 0 [Note] Event Scheduler: Purging the queue. 0 events
2019-03-24T20:15:12.092230Z 0 [Note] Binlog end
2019-03-24T20:15:12.094236Z 0 [Note] Shutting down plugin 'ngram'
2019-03-24T20:15:12.094236Z 0 [Note] Shutting down plugin 'partition'
2019-03-24T20:15:12.094236Z 0 [Note] Shutting down plugin 'BLACKHOLE'
2019-03-24T20:15:12.095238Z 0 [Note] Shutting down plugin 'ARCHIVE'
2019-03-24T20:15:12.095238Z 0 [Note] Shutting down plugin 'PERFORMANCE_SCHEMA'
2019-03-24T20:15:12.095238Z 0 [Note] Shutting down plugin 'MRG_MYISAM'
2019-03-24T20:15:12.096241Z 0 [Note] Shutting down plugin 'MyISAM'
2019-03-24T20:15:12.096241Z 0 [Note] Shutting down plugin 'INNODB_SYS_VIRTUAL'
2019-03-24T20:15:12.096241Z 0 [Note] Shutting down plugin 'INNODB_SYS_DATAFILES'
2019-03-24T20:15:12.097244Z 0 [Note] Shutting down plugin 'INNODB_SYS_TABLESPACES'
2019-03-24T20:15:12.097244Z 0 [Note] Shutting down plugin 'INNODB_SYS_FOREIGN_COLS'
2019-03-24T20:15:12.098246Z 0 [Note] Shutting down plugin 'INNODB_SYS_FOREIGN'
2019-03-24T20:15:12.098246Z 0 [Note] Shutting down plugin 'INNODB_SYS_FIELDS'
2019-03-24T20:15:12.098246Z 0 [Note] Shutting down plugin 'INNODB_SYS_COLUMNS'
2019-03-24T20:15:12.099249Z 0 [Note] Shutting down plugin 'INNODB_SYS_INDEXES'
2019-03-24T20:15:12.099249Z 0 [Note] Shutting down plugin 'INNODB_SYS_TABLESTATS'
2019-03-24T20:15:12.100252Z 0 [Note] Shutting down plugin 'INNODB_SYS_TABLES'
2019-03-24T20:15:12.100252Z 0 [Note] Shutting down plugin 'INNODB_FT_INDEX_TABLE'
2019-03-24T20:15:12.100252Z 0 [Note] Shutting down plugin 'INNODB_FT_INDEX_CACHE'
2019-03-24T20:15:12.101254Z 0 [Note] Shutting down plugin 'INNODB_FT_CONFIG'
2019-03-24T20:15:12.101254Z 0 [Note] Shutting down plugin 'INNODB_FT_BEING_DELETED'
2019-03-24T20:15:12.101254Z 0 [Note] Shutting down plugin 'INNODB_FT_DELETED'
2019-03-24T20:15:12.102257Z 0 [Note] Shutting down plugin 'INNODB_FT_DEFAULT_STOPWORD'
2019-03-24T20:15:12.102257Z 0 [Note] Shutting down plugin 'INNODB_METRICS'
2019-03-24T20:15:12.103259Z 0 [Note] Shutting down plugin 'INNODB_TEMP_TABLE_INFO'
2019-03-24T20:15:12.103259Z 0 [Note] Shutting down plugin 'INNODB_BUFFER_POOL_STATS'
2019-03-24T20:15:12.103259Z 0 [Note] Shutting down plugin 'INNODB_BUFFER_PAGE_LRU'
2019-03-24T20:15:12.104262Z 0 [Note] Shutting down plugin 'INNODB_BUFFER_PAGE'
2019-03-24T20:15:12.104262Z 0 [Note] Shutting down plugin 'INNODB_CMP_PER_INDEX_RESET'
2019-03-24T20:15:12.105265Z 0 [Note] Shutting down plugin 'INNODB_CMP_PER_INDEX'
2019-03-24T20:15:12.105265Z 0 [Note] Shutting down plugin 'INNODB_CMPMEM_RESET'
2019-03-24T20:15:12.105265Z 0 [Note] Shutting down plugin 'INNODB_CMPMEM'
2019-03-24T20:15:12.106268Z 0 [Note] Shutting down plugin 'INNODB_CMP_RESET'
2019-03-24T20:15:12.106268Z 0 [Note] Shutting down plugin 'INNODB_CMP'
2019-03-24T20:15:12.106268Z 0 [Note] Shutting down plugin 'INNODB_LOCK_WAITS'
2019-03-24T20:15:12.107270Z 0 [Note] Shutting down plugin 'INNODB_LOCKS'
2019-03-24T20:15:12.107270Z 0 [Note] Shutting down plugin 'INNODB_TRX'
2019-03-24T20:15:12.108273Z 0 [Note] Shutting down plugin 'InnoDB'
2019-03-24T20:15:12.108273Z 0 [Note] InnoDB: FTS optimize thread exiting.
2019-03-24T20:15:12.108273Z 0 [Note] InnoDB: Starting shutdown...
2019-03-24T20:15:12.210000Z 0 [Note] InnoDB: Dumping buffer pool(s) to D:\rpaulhus\Database-Group_project_RRRT\UwAmp\bin\database\mysql-5.7.11\data\ib_buffer_pool
2019-03-24T20:15:12.220658Z 0 [Note] InnoDB: Buffer pool(s) dump completed at 190324 14:15:12
2019-03-24T20:15:13.518198Z 0 [Note] InnoDB: Shutdown completed; log sequence number 2745192
2019-03-24T20:15:13.520204Z 0 [Note] InnoDB: Removed temporary tablespace data file: "ibtmp1"
2019-03-24T20:15:13.521549Z 0 [Note] Shutting down plugin 'MEMORY'
2019-03-24T20:15:13.522209Z 0 [Note] Shutting down plugin 'CSV'
2019-03-24T20:15:13.523212Z 0 [Note] Shutting down plugin 'sha256_password'
2019-03-24T20:15:13.524216Z 0 [Note] Shutting down plugin 'mysql_native_password'
2019-03-24T20:15:13.525218Z 0 [Note] Shutting down plugin 'binlog'
2019-03-24T20:15:13.527316Z 0 [Note] D:\rpaulhus\Database-Group_project_RRRT\UwAmp\bin\database\mysql-5.7.11\bin\mysqld.exe: Shutdown complete

